[debug] [2024-10-26T01:50:51.561Z] ----------------------------------------------------------------------
[debug] [2024-10-26T01:50:51.563Z] Command:       C:\Program Files\nodejs\node.exe C:\Users\GojoDev\AppData\Roaming\npm\node_modules\firebase-tools\lib\bin\firebase.js emulators:start
[debug] [2024-10-26T01:50:51.563Z] CLI Version:   13.23.0
[debug] [2024-10-26T01:50:51.563Z] Platform:      win32
[debug] [2024-10-26T01:50:51.563Z] Node Version:  v20.13.1
[debug] [2024-10-26T01:50:51.563Z] Time:          Sat Oct 26 2024 02:50:51 GMT+0100 (Irish Standard Time)
[debug] [2024-10-26T01:50:51.564Z] ----------------------------------------------------------------------
[debug] 
[debug] [2024-10-26T01:50:51.635Z] > command requires scopes: ["email","openid","https://www.googleapis.com/auth/cloudplatformprojects.readonly","https://www.googleapis.com/auth/firebase","https://www.googleapis.com/auth/cloud-platform"]
[debug] [2024-10-26T01:50:51.635Z] > authorizing via signed-in user (eakoledoye@gmail.com)
[debug] [2024-10-26T01:50:51.711Z] java version "23" 2024-09-17

[debug] [2024-10-26T01:50:51.711Z] Java(TM) SE Runtime Environment (build 23+37-2369)
Java HotSpot(TM) 64-Bit Server VM (build 23+37-2369, mixed mode, sharing)

[debug] [2024-10-26T01:50:51.723Z] Parsed Java major version: 23
[info] i  emulators: Starting emulators: functions, hosting, storage, tasks, extensions {"metadata":{"emulator":{"name":"hub"},"message":"Starting emulators: functions, hosting, storage, tasks, extensions"}}
[debug] [2024-10-26T01:50:51.725Z] Checked if tokens are valid: true, expires at: 1729910894095
[debug] [2024-10-26T01:50:51.725Z] Checked if tokens are valid: true, expires at: 1729910894095
[debug] [2024-10-26T01:50:51.726Z] >>> [apiv2][query] GET https://firebase.googleapis.com/v1beta1/projects/rd-year-project-1f41d [none]
[debug] [2024-10-26T01:50:52.011Z] <<< [apiv2][status] GET https://firebase.googleapis.com/v1beta1/projects/rd-year-project-1f41d 200
[debug] [2024-10-26T01:50:52.012Z] <<< [apiv2][body] GET https://firebase.googleapis.com/v1beta1/projects/rd-year-project-1f41d {"projectId":"rd-year-project-1f41d","projectNumber":"823208675027","displayName":"3rd year project","name":"projects/rd-year-project-1f41d","resources":{"hostingSite":"rd-year-project-1f41d","storageBucket":"rd-year-project-1f41d.appspot.com","locationId":"europe-west2"},"state":"ACTIVE","etag":"1_ebe102b0-cdb5-43f1-8723-6be182a85851"}
[debug] [2024-10-26T01:50:52.020Z] [logging] Logging Emulator only supports listening on one address (127.0.0.1). Not listening on ::1
[debug] [2024-10-26T01:50:52.020Z] [hosting] Hosting Emulator only supports listening on one address (127.0.0.1). Not listening on ::1
[debug] [2024-10-26T01:50:52.020Z] [storage] Storage Emulator only supports listening on one address (127.0.0.1). Not listening on ::1
[debug] [2024-10-26T01:50:52.020Z] assigned listening specs for emulators {"user":{"hub":[{"address":"127.0.0.1","family":"IPv4","port":4400},{"address":"::1","family":"IPv6","port":4400}],"ui":[{"address":"127.0.0.1","family":"IPv4","port":4000},{"address":"::1","family":"IPv6","port":4000}],"logging":[{"address":"127.0.0.1","family":"IPv4","port":4500}],"hosting":[{"address":"127.0.0.1","family":"IPv4","port":5002}],"storage":[{"address":"127.0.0.1","family":"IPv4","port":9199}]},"metadata":{"message":"assigned listening specs for emulators"}}
[debug] [2024-10-26T01:50:52.024Z] [hub] writing locator at C:\Users\GojoDev\AppData\Local\Temp\hub-rd-year-project-1f41d.json
[debug] [2024-10-26T01:50:52.028Z] [Extensions] Started Extensions emulator, this is a noop.
[debug] [2024-10-26T01:50:52.032Z] [functions] Functions Emulator only supports listening on one address (127.0.0.1). Not listening on ::1
[debug] [2024-10-26T01:50:52.032Z] [eventarc] Eventarc Emulator only supports listening on one address (127.0.0.1). Not listening on ::1
[debug] [2024-10-26T01:50:52.032Z] [tasks] Cloud Tasks Emulator only supports listening on one address (127.0.0.1). Not listening on ::1
[debug] [2024-10-26T01:50:52.032Z] late-assigned ports for functions and eventarc emulators {"user":{"hub":[{"address":"127.0.0.1","family":"IPv4","port":4400},{"address":"::1","family":"IPv6","port":4400}],"ui":[{"address":"127.0.0.1","family":"IPv4","port":4000},{"address":"::1","family":"IPv6","port":4000}],"logging":[{"address":"127.0.0.1","family":"IPv4","port":4500}],"hosting":[{"address":"127.0.0.1","family":"IPv4","port":5002}],"storage":[{"address":"127.0.0.1","family":"IPv4","port":9199}],"functions":[{"address":"127.0.0.1","family":"IPv4","port":5001}],"eventarc":[{"address":"127.0.0.1","family":"IPv4","port":9299}],"tasks":[{"address":"127.0.0.1","family":"IPv4","port":9499}]},"metadata":{"message":"late-assigned ports for functions and eventarc emulators"}}
[warn] !  functions: The following emulators are not running, calls to these services from the Functions emulator will affect production: auth, firestore, database, pubsub, dataconnect {"metadata":{"emulator":{"name":"functions"},"message":"The following emulators are not running, calls to these services from the Functions emulator will affect production: \u001b[1mauth, firestore, database, pubsub, dataconnect\u001b[22m"}}
[debug] [2024-10-26T01:50:52.034Z] defaultcredentials: writing to file C:\Users\GojoDev\AppData\Roaming\firebase\eakoledoye_gmail_com_application_default_credentials.json
[debug] [2024-10-26T01:50:52.036Z] Setting GAC to C:\Users\GojoDev\AppData\Roaming\firebase\eakoledoye_gmail_com_application_default_credentials.json {"metadata":{"emulator":{"name":"functions"},"message":"Setting GAC to C:\\Users\\GojoDev\\AppData\\Roaming\\firebase\\eakoledoye_gmail_com_application_default_credentials.json"}}
[debug] [2024-10-26T01:50:52.036Z] Checked if tokens are valid: true, expires at: 1729910894095
[debug] [2024-10-26T01:50:52.036Z] Checked if tokens are valid: true, expires at: 1729910894095
[debug] [2024-10-26T01:50:52.036Z] >>> [apiv2][query] GET https://firebase.googleapis.com/v1beta1/projects/rd-year-project-1f41d/adminSdkConfig [none]
[debug] [2024-10-26T01:50:52.524Z] <<< [apiv2][status] GET https://firebase.googleapis.com/v1beta1/projects/rd-year-project-1f41d/adminSdkConfig 200
[debug] [2024-10-26T01:50:52.524Z] <<< [apiv2][body] GET https://firebase.googleapis.com/v1beta1/projects/rd-year-project-1f41d/adminSdkConfig {"projectId":"rd-year-project-1f41d","storageBucket":"rd-year-project-1f41d.appspot.com","locationId":"europe-west2"}
[debug] [2024-10-26T01:50:52.535Z] Ignoring unsupported arg: port {"metadata":{"emulator":{"name":"storage"},"message":"Ignoring unsupported arg: port"}}
[debug] [2024-10-26T01:50:53.062Z] Temp file directory for storage emulator: C:\Users\GojoDev\AppData\Local\Temp/firebase/storage/blobs {"metadata":{"emulator":{"name":"storage"},"message":"Temp file directory for storage emulator: C:\\Users\\GojoDev\\AppData\\Local\\Temp/firebase/storage/blobs"}}
[debug] [2024-10-26T01:50:53.066Z] Checked if tokens are valid: true, expires at: 1729910894095
[debug] [2024-10-26T01:50:53.066Z] Checked if tokens are valid: true, expires at: 1729910894095
[debug] [2024-10-26T01:50:53.066Z] >>> [apiv2][query] GET https://firebasehosting.googleapis.com/v1beta1/projects/rd-year-project-1f41d/sites 
[debug] [2024-10-26T01:50:53.860Z] <<< [apiv2][status] GET https://firebasehosting.googleapis.com/v1beta1/projects/rd-year-project-1f41d/sites 200
[debug] [2024-10-26T01:50:53.860Z] <<< [apiv2][body] GET https://firebasehosting.googleapis.com/v1beta1/projects/rd-year-project-1f41d/sites {"sites":[{"name":"projects/rd-year-project-1f41d/sites/rd-year-project-1f41d","defaultUrl":"https://rd-year-project-1f41d.web.app","appId":"1:823208675027:web:040ff96eac0fc89b0e3626","type":"DEFAULT_SITE"}]}
[debug] [2024-10-26T01:50:53.860Z] Checked if tokens are valid: true, expires at: 1729910894095
[debug] [2024-10-26T01:50:53.860Z] Checked if tokens are valid: true, expires at: 1729910894095
[debug] [2024-10-26T01:50:53.860Z] >>> [apiv2][query] GET https://firebase.googleapis.com/v1beta1/projects/rd-year-project-1f41d/webApps/1:823208675027:web:040ff96eac0fc89b0e3626/config [none]
[debug] [2024-10-26T01:50:54.475Z] <<< [apiv2][status] GET https://firebase.googleapis.com/v1beta1/projects/rd-year-project-1f41d/webApps/1:823208675027:web:040ff96eac0fc89b0e3626/config 200
[debug] [2024-10-26T01:50:54.475Z] <<< [apiv2][body] GET https://firebase.googleapis.com/v1beta1/projects/rd-year-project-1f41d/webApps/1:823208675027:web:040ff96eac0fc89b0e3626/config {"projectId":"rd-year-project-1f41d","appId":"1:823208675027:web:040ff96eac0fc89b0e3626","storageBucket":"rd-year-project-1f41d.appspot.com","locationId":"europe-west2","apiKey":"AIzaSyAFayRb90ywbg82EcLOnH5iBDm3qnZx9TU","authDomain":"rd-year-project-1f41d.firebaseapp.com","messagingSenderId":"823208675027","measurementId":"G-86DQSH17PT"}
[debug] [2024-10-26T01:50:54.478Z] Checked if tokens are valid: true, expires at: 1729910894095
[debug] [2024-10-26T01:50:54.478Z] Checked if tokens are valid: true, expires at: 1729910894095
[debug] [2024-10-26T01:50:54.479Z] >>> [apiv2][query] GET https://firebase.googleapis.com/v1beta1/projects/rd-year-project-1f41d [none]
[debug] [2024-10-26T01:50:54.691Z] <<< [apiv2][status] GET https://firebase.googleapis.com/v1beta1/projects/rd-year-project-1f41d 200
[debug] [2024-10-26T01:50:54.691Z] <<< [apiv2][body] GET https://firebase.googleapis.com/v1beta1/projects/rd-year-project-1f41d {"projectId":"rd-year-project-1f41d","projectNumber":"823208675027","displayName":"3rd year project","name":"projects/rd-year-project-1f41d","resources":{"hostingSite":"rd-year-project-1f41d","storageBucket":"rd-year-project-1f41d.appspot.com","locationId":"europe-west2"},"state":"ACTIVE","etag":"1_ebe102b0-cdb5-43f1-8723-6be182a85851"}
[info] i  hosting[rd-year-project-1f41d]: Serving hosting files from: public {"metadata":{"emulator":{"name":"hosting"},"message":"Serving hosting files from: \u001b[1mpublic\u001b[22m"}}
[info] +  hosting[rd-year-project-1f41d]: Local server: http://127.0.0.1:5002 {"metadata":{"emulator":{"name":"hosting"},"message":"Local server: \u001b[4m\u001b[1mhttp://127.0.0.1:5002\u001b[22m\u001b[24m"}}
[debug] [2024-10-26T01:50:54.706Z] Ignoring unsupported arg: auto_download {"metadata":{"emulator":{"name":"ui"},"message":"Ignoring unsupported arg: auto_download"}}
[debug] [2024-10-26T01:50:54.706Z] Ignoring unsupported arg: port {"metadata":{"emulator":{"name":"ui"},"message":"Ignoring unsupported arg: port"}}
[debug] [2024-10-26T01:50:54.706Z] Starting Emulator UI with command {"binary":"node","args":["C:\\Users\\GojoDev\\.cache\\firebase\\emulators\\ui-v1.14.0\\server\\server.mjs"],"optionalArgs":[],"joinArgs":false,"shell":false,"port":4000} {"metadata":{"emulator":{"name":"ui"},"message":"Starting Emulator UI with command {\"binary\":\"node\",\"args\":[\"C:\\\\Users\\\\GojoDev\\\\.cache\\\\firebase\\\\emulators\\\\ui-v1.14.0\\\\server\\\\server.mjs\"],\"optionalArgs\":[],\"joinArgs\":false,\"shell\":false,\"port\":4000}"}}
[info] i  ui: Emulator UI logging to ui-debug.log {"metadata":{"emulator":{"name":"ui"},"message":"Emulator UI logging to \u001b[1mui-debug.log\u001b[22m"}}
[debug] [2024-10-26T01:50:54.816Z] Web / API server started at 127.0.0.1:4000
 {"metadata":{"emulator":{"name":"ui"},"message":"Web / API server started at 127.0.0.1:4000\n"}}
[debug] [2024-10-26T01:50:54.816Z] Web / API server started at ::1:4000
 {"metadata":{"emulator":{"name":"ui"},"message":"Web / API server started at ::1:4000\n"}}
[debug] [2024-10-26T01:50:54.915Z] [Extensions] Connecting Extensions emulator, this is a noop.
[info] i  functions: Watching "C:\Users\GojoDev\Desktop\Emmanuel K\college stuff\year 3\3rd-yr-group-project\functions" for Cloud Functions... {"metadata":{"emulator":{"name":"functions"},"message":"Watching \"C:\\Users\\GojoDev\\Desktop\\Emmanuel K\\college stuff\\year 3\\3rd-yr-group-project\\functions\" for Cloud Functions..."}}
[debug] [2024-10-26T01:50:54.919Z] Validating nodejs source
[warn] !  functions: package.json indicates an outdated version of firebase-functions. Please upgrade using npm install --save firebase-functions@latest in your functions directory. 
[debug] [2024-10-26T01:50:55.592Z] > [functions] package.json contents: {
  "name": "functions",
  "description": "Cloud Functions for Firebase",
  "scripts": {
    "shell": "firebase functions:shell",
    "start": "firebase emulators:start",
    "deploy": "firebase deploy --only functions",
    "logs": "firebase functions:log"
  },
  "engines": {
    "node": "20"
  },
  "main": "index.js",
  "dependencies": {
    "axios": "^1.7.7",
    "bcrypt": "^5.1.1",
    "firebase": "^10.14.1",
    "firebase-admin": "^12.6.0",
    "firebase-functions": "^6.0.1",
    "firebase-tools": "^1.2.0"
  },
  "devDependencies": {
    "firebase-functions-test": "^3.1.0"
  },
  "private": true
}
[debug] [2024-10-26T01:50:55.592Z] Building nodejs source
[debug] [2024-10-26T01:50:55.592Z] Failed to find version of module node: reached end of search path C:\Users\GojoDev\Desktop\Emmanuel K\college stuff\year 3\3rd-yr-group-project\functions\node_modules
[info] +  functions: Using node@20 from host. 
[debug] [2024-10-26T01:50:55.594Z] Could not find functions.yaml. Must use http discovery
[debug] [2024-10-26T01:50:55.598Z] Found firebase-functions binary at 'C:\Users\GojoDev\Desktop\Emmanuel K\college stuff\year 3\3rd-yr-group-project\functions\node_modules\.bin\firebase-functions'
[info] Serving at port 8984

[debug] [2024-10-26T01:50:56.027Z] Got response from /__/functions.yaml {"endpoints":{"showDB":{"availableMemoryMb":null,"timeoutSeconds":null,"minInstances":null,"maxInstances":null,"ingressSettings":null,"concurrency":null,"serviceAccountEmail":null,"vpc":null,"platform":"gcfv2","region":["europe-west2"],"labels":{},"httpsTrigger":{},"entryPoint":"showDB"},"verifyAdmin":{"availableMemoryMb":null,"timeoutSeconds":null,"minInstances":null,"maxInstances":null,"ingressSettings":null,"concurrency":null,"serviceAccountEmail":null,"vpc":null,"platform":"gcfv2","region":["europe-west2"],"labels":{},"httpsTrigger":{},"entryPoint":"verifyAdmin"},"addAdmin":{"availableMemoryMb":null,"timeoutSeconds":null,"minInstances":null,"maxInstances":null,"ingressSettings":null,"concurrency":null,"serviceAccountEmail":null,"vpc":null,"platform":"gcfv2","region":["europe-west2"],"labels":{},"httpsTrigger":{},"entryPoint":"addAdmin"},"verifyClient":{"availableMemoryMb":null,"timeoutSeconds":null,"minInstances":null,"maxInstances":null,"ingressSettings":null,"concurrency":null,"serviceAccountEmail":null,"vpc":null,"platform":"gcfv2","region":["europe-west2"],"labels":{},"httpsTrigger":{},"entryPoint":"verifyClient"},"verifyManager":{"availableMemoryMb":null,"timeoutSeconds":null,"minInstances":null,"maxInstances":null,"ingressSettings":null,"concurrency":null,"serviceAccountEmail":null,"vpc":null,"platform":"gcfv2","region":["europe-west2"],"labels":{},"httpsTrigger":{},"entryPoint":"verifyManager"},"addManager":{"availableMemoryMb":null,"timeoutSeconds":null,"minInstances":null,"maxInstances":null,"ingressSettings":null,"concurrency":null,"serviceAccountEmail":null,"vpc":null,"platform":"gcfv2","region":["europe-west2"],"labels":{},"httpsTrigger":{},"entryPoint":"addManager"},"aiGen":{"availableMemoryMb":null,"timeoutSeconds":null,"minInstances":null,"maxInstances":null,"ingressSettings":null,"concurrency":null,"serviceAccountEmail":null,"vpc":null,"platform":"gcfv2","region":["europe-west2"],"labels":{},"httpsTrigger":{},"entryPoint":"aiGen"}},"specVersion":"v1alpha1","requiredAPIs":[],"extensions":{}}
[debug] [2024-10-26T01:50:58.757Z] File C:\Users\GojoDev\Desktop\Emmanuel K\college stuff\year 3\3rd-yr-group-project\functions\index.js changed, reloading triggers {"metadata":{"emulator":{"name":"functions"},"message":"File C:\\Users\\GojoDev\\Desktop\\Emmanuel K\\college stuff\\year 3\\3rd-yr-group-project\\functions\\index.js changed, reloading triggers"}}
[debug] [2024-10-26T01:50:59.768Z] Validating nodejs source
[warn] !  functions: package.json indicates an outdated version of firebase-functions. Please upgrade using npm install --save firebase-functions@latest in your functions directory. 
[debug] [2024-10-26T01:51:00.493Z] > [functions] package.json contents: {
  "name": "functions",
  "description": "Cloud Functions for Firebase",
  "scripts": {
    "shell": "firebase functions:shell",
    "start": "firebase emulators:start",
    "deploy": "firebase deploy --only functions",
    "logs": "firebase functions:log"
  },
  "engines": {
    "node": "20"
  },
  "main": "index.js",
  "dependencies": {
    "axios": "^1.7.7",
    "bcrypt": "^5.1.1",
    "firebase": "^10.14.1",
    "firebase-admin": "^12.6.0",
    "firebase-functions": "^6.0.1",
    "firebase-tools": "^1.2.0"
  },
  "devDependencies": {
    "firebase-functions-test": "^3.1.0"
  },
  "private": true
}
[debug] [2024-10-26T01:51:00.493Z] Building nodejs source
[debug] [2024-10-26T01:51:00.493Z] Failed to find version of module node: reached end of search path C:\Users\GojoDev\Desktop\Emmanuel K\college stuff\year 3\3rd-yr-group-project\functions\node_modules
[info] +  functions: Using node@20 from host. 
[debug] [2024-10-26T01:51:00.494Z] Could not find functions.yaml. Must use http discovery
[debug] [2024-10-26T01:51:00.499Z] Found firebase-functions binary at 'C:\Users\GojoDev\Desktop\Emmanuel K\college stuff\year 3\3rd-yr-group-project\functions\node_modules\.bin\firebase-functions'
[info] Serving at port 8124

[debug] [2024-10-26T01:51:00.936Z] Got response from /__/functions.yaml {"endpoints":{"showDB":{"availableMemoryMb":null,"timeoutSeconds":null,"minInstances":null,"maxInstances":null,"ingressSettings":null,"concurrency":null,"serviceAccountEmail":null,"vpc":null,"platform":"gcfv2","region":["europe-west2"],"labels":{},"httpsTrigger":{},"entryPoint":"showDB"},"verifyAdmin":{"availableMemoryMb":null,"timeoutSeconds":null,"minInstances":null,"maxInstances":null,"ingressSettings":null,"concurrency":null,"serviceAccountEmail":null,"vpc":null,"platform":"gcfv2","region":["europe-west2"],"labels":{},"httpsTrigger":{},"entryPoint":"verifyAdmin"},"addAdmin":{"availableMemoryMb":null,"timeoutSeconds":null,"minInstances":null,"maxInstances":null,"ingressSettings":null,"concurrency":null,"serviceAccountEmail":null,"vpc":null,"platform":"gcfv2","region":["europe-west2"],"labels":{},"httpsTrigger":{},"entryPoint":"addAdmin"},"verifyClient":{"availableMemoryMb":null,"timeoutSeconds":null,"minInstances":null,"maxInstances":null,"ingressSettings":null,"concurrency":null,"serviceAccountEmail":null,"vpc":null,"platform":"gcfv2","region":["europe-west2"],"labels":{},"httpsTrigger":{},"entryPoint":"verifyClient"},"verifyManager":{"availableMemoryMb":null,"timeoutSeconds":null,"minInstances":null,"maxInstances":null,"ingressSettings":null,"concurrency":null,"serviceAccountEmail":null,"vpc":null,"platform":"gcfv2","region":["europe-west2"],"labels":{},"httpsTrigger":{},"entryPoint":"verifyManager"},"addManager":{"availableMemoryMb":null,"timeoutSeconds":null,"minInstances":null,"maxInstances":null,"ingressSettings":null,"concurrency":null,"serviceAccountEmail":null,"vpc":null,"platform":"gcfv2","region":["europe-west2"],"labels":{},"httpsTrigger":{},"entryPoint":"addManager"},"aiGen":{"availableMemoryMb":null,"timeoutSeconds":null,"minInstances":null,"maxInstances":null,"ingressSettings":null,"concurrency":null,"serviceAccountEmail":null,"vpc":null,"platform":"gcfv2","region":["europe-west2"],"labels":{},"httpsTrigger":{},"entryPoint":"aiGen"}},"specVersion":"v1alpha1","requiredAPIs":[],"extensions":{}}
[debug] [2024-10-26T01:51:01.049Z] defaultcredentials: writing to file C:\Users\GojoDev\AppData\Roaming\firebase\eakoledoye_gmail_com_application_default_credentials.json
[debug] [2024-10-26T01:51:01.049Z] Setting GAC to C:\Users\GojoDev\AppData\Roaming\firebase\eakoledoye_gmail_com_application_default_credentials.json {"metadata":{"emulator":{"name":"functions"},"message":"Setting GAC to C:\\Users\\GojoDev\\AppData\\Roaming\\firebase\\eakoledoye_gmail_com_application_default_credentials.json"}}
[info] +  functions: Loaded functions definitions from source: showDB, verifyAdmin, addAdmin, verifyClient, verifyManager, addManager, aiGen. {"metadata":{"emulator":{"name":"functions"},"message":"Loaded functions definitions from source: showDB, verifyAdmin, addAdmin, verifyClient, verifyManager, addManager, aiGen."}}
[info] +  functions[europe-west2-showDB]: http function initialized (http://127.0.0.1:5001/rd-year-project-1f41d/europe-west2/showDB). {"metadata":{"emulator":{"name":"functions"},"message":"\u001b[1mhttp\u001b[22m function initialized (http://127.0.0.1:5001/rd-year-project-1f41d/europe-west2/showDB)."}}
[info] +  functions[europe-west2-verifyAdmin]: http function initialized (http://127.0.0.1:5001/rd-year-project-1f41d/europe-west2/verifyAdmin). {"metadata":{"emulator":{"name":"functions"},"message":"\u001b[1mhttp\u001b[22m function initialized (http://127.0.0.1:5001/rd-year-project-1f41d/europe-west2/verifyAdmin)."}}
[info] +  functions[europe-west2-addAdmin]: http function initialized (http://127.0.0.1:5001/rd-year-project-1f41d/europe-west2/addAdmin). {"metadata":{"emulator":{"name":"functions"},"message":"\u001b[1mhttp\u001b[22m function initialized (http://127.0.0.1:5001/rd-year-project-1f41d/europe-west2/addAdmin)."}}
[info] +  functions[europe-west2-verifyClient]: http function initialized (http://127.0.0.1:5001/rd-year-project-1f41d/europe-west2/verifyClient). {"metadata":{"emulator":{"name":"functions"},"message":"\u001b[1mhttp\u001b[22m function initialized (http://127.0.0.1:5001/rd-year-project-1f41d/europe-west2/verifyClient)."}}
[info] +  functions[europe-west2-verifyManager]: http function initialized (http://127.0.0.1:5001/rd-year-project-1f41d/europe-west2/verifyManager). {"metadata":{"emulator":{"name":"functions"},"message":"\u001b[1mhttp\u001b[22m function initialized (http://127.0.0.1:5001/rd-year-project-1f41d/europe-west2/verifyManager)."}}
[info] +  functions[europe-west2-addManager]: http function initialized (http://127.0.0.1:5001/rd-year-project-1f41d/europe-west2/addManager). {"metadata":{"emulator":{"name":"functions"},"message":"\u001b[1mhttp\u001b[22m function initialized (http://127.0.0.1:5001/rd-year-project-1f41d/europe-west2/addManager)."}}
[info] +  functions[europe-west2-aiGen]: http function initialized (http://127.0.0.1:5001/rd-year-project-1f41d/europe-west2/aiGen). {"metadata":{"emulator":{"name":"functions"},"message":"\u001b[1mhttp\u001b[22m function initialized (http://127.0.0.1:5001/rd-year-project-1f41d/europe-west2/aiGen)."}}
[debug] [2024-10-26T01:51:01.056Z] Could not find VSCode notification endpoint: FetchError: request to http://localhost:40001/vscode/notify failed, reason: . If you are not running the Firebase Data Connect VSCode extension, this is expected and not an issue.
[info] 
┌─────────────────────────────────────────────────────────────┐
│ ✔  All emulators ready! It is now safe to connect your app. │
│ i  View Emulator UI at http://127.0.0.1:4000/               │
└─────────────────────────────────────────────────────────────┘

┌─────────────┬────────────────┬──────────────────────────────────┐
│ Emulator    │ Host:Port      │ View in Emulator UI              │
├─────────────┼────────────────┼──────────────────────────────────┤
│ Functions   │ 127.0.0.1:5001 │ http://127.0.0.1:4000/functions  │
├─────────────┼────────────────┼──────────────────────────────────┤
│ Hosting     │ 127.0.0.1:5002 │ n/a                              │
├─────────────┼────────────────┼──────────────────────────────────┤
│ Storage     │ 127.0.0.1:9199 │ http://127.0.0.1:4000/storage    │
├─────────────┼────────────────┼──────────────────────────────────┤
│ Cloud Tasks │ 127.0.0.1:9499 │ n/a                              │
├─────────────┼────────────────┼──────────────────────────────────┤
│ Extensions  │ 127.0.0.1:5001 │ http://127.0.0.1:4000/extensions │
└─────────────┴────────────────┴──────────────────────────────────┘
  Emulator Hub running at 127.0.0.1:4400
  Other reserved ports: 4500
┌─────────────────────────┬───────────────┬─────────────────────┐
│ Extension Instance Name │ Extension Ref │ View in Emulator UI │
└─────────────────────────┴───────────────┴─────────────────────┘
Issues? Report them at https://github.com/firebase/firebase-tools/issues and attach the *-debug.log files.
 
[debug] [2024-10-26T01:51:05.957Z] defaultcredentials: writing to file C:\Users\GojoDev\AppData\Roaming\firebase\eakoledoye_gmail_com_application_default_credentials.json
[debug] [2024-10-26T01:51:05.957Z] Setting GAC to C:\Users\GojoDev\AppData\Roaming\firebase\eakoledoye_gmail_com_application_default_credentials.json {"metadata":{"emulator":{"name":"functions"},"message":"Setting GAC to C:\\Users\\GojoDev\\AppData\\Roaming\\firebase\\eakoledoye_gmail_com_application_default_credentials.json"}}
[info] +  functions: Loaded functions definitions from source: showDB, verifyAdmin, addAdmin, verifyClient, verifyManager, addManager, aiGen. {"metadata":{"emulator":{"name":"functions"},"message":"Loaded functions definitions from source: showDB, verifyAdmin, addAdmin, verifyClient, verifyManager, addManager, aiGen."}}
[debug] [2024-10-26T01:55:31.714Z] File C:\Users\GojoDev\Desktop\Emmanuel K\college stuff\year 3\3rd-yr-group-project\functions\clientSideTest_AIengine.js changed, reloading triggers {"metadata":{"emulator":{"name":"functions"},"message":"File C:\\Users\\GojoDev\\Desktop\\Emmanuel K\\college stuff\\year 3\\3rd-yr-group-project\\functions\\clientSideTest_AIengine.js changed, reloading triggers"}}
[debug] [2024-10-26T01:55:32.715Z] Validating nodejs source
[warn] !  functions: package.json indicates an outdated version of firebase-functions. Please upgrade using npm install --save firebase-functions@latest in your functions directory. 
[debug] [2024-10-26T01:55:33.412Z] > [functions] package.json contents: {
  "name": "functions",
  "description": "Cloud Functions for Firebase",
  "scripts": {
    "shell": "firebase functions:shell",
    "start": "firebase emulators:start",
    "deploy": "firebase deploy --only functions",
    "logs": "firebase functions:log"
  },
  "engines": {
    "node": "20"
  },
  "main": "index.js",
  "dependencies": {
    "axios": "^1.7.7",
    "bcrypt": "^5.1.1",
    "firebase": "^10.14.1",
    "firebase-admin": "^12.6.0",
    "firebase-functions": "^6.0.1",
    "firebase-tools": "^1.2.0"
  },
  "devDependencies": {
    "firebase-functions-test": "^3.1.0"
  },
  "private": true
}
[debug] [2024-10-26T01:55:33.412Z] Building nodejs source
[debug] [2024-10-26T01:55:33.412Z] Failed to find version of module node: reached end of search path C:\Users\GojoDev\Desktop\Emmanuel K\college stuff\year 3\3rd-yr-group-project\functions\node_modules
[info] +  functions: Using node@20 from host. 
[debug] [2024-10-26T01:55:33.413Z] Could not find functions.yaml. Must use http discovery
[debug] [2024-10-26T01:55:33.416Z] Found firebase-functions binary at 'C:\Users\GojoDev\Desktop\Emmanuel K\college stuff\year 3\3rd-yr-group-project\functions\node_modules\.bin\firebase-functions'
[info] Serving at port 8678

[debug] [2024-10-26T01:55:33.811Z] Got response from /__/functions.yaml {"endpoints":{"showDB":{"availableMemoryMb":null,"timeoutSeconds":null,"minInstances":null,"maxInstances":null,"ingressSettings":null,"concurrency":null,"serviceAccountEmail":null,"vpc":null,"platform":"gcfv2","region":["europe-west2"],"labels":{},"httpsTrigger":{},"entryPoint":"showDB"},"verifyAdmin":{"availableMemoryMb":null,"timeoutSeconds":null,"minInstances":null,"maxInstances":null,"ingressSettings":null,"concurrency":null,"serviceAccountEmail":null,"vpc":null,"platform":"gcfv2","region":["europe-west2"],"labels":{},"httpsTrigger":{},"entryPoint":"verifyAdmin"},"addAdmin":{"availableMemoryMb":null,"timeoutSeconds":null,"minInstances":null,"maxInstances":null,"ingressSettings":null,"concurrency":null,"serviceAccountEmail":null,"vpc":null,"platform":"gcfv2","region":["europe-west2"],"labels":{},"httpsTrigger":{},"entryPoint":"addAdmin"},"verifyClient":{"availableMemoryMb":null,"timeoutSeconds":null,"minInstances":null,"maxInstances":null,"ingressSettings":null,"concurrency":null,"serviceAccountEmail":null,"vpc":null,"platform":"gcfv2","region":["europe-west2"],"labels":{},"httpsTrigger":{},"entryPoint":"verifyClient"},"verifyManager":{"availableMemoryMb":null,"timeoutSeconds":null,"minInstances":null,"maxInstances":null,"ingressSettings":null,"concurrency":null,"serviceAccountEmail":null,"vpc":null,"platform":"gcfv2","region":["europe-west2"],"labels":{},"httpsTrigger":{},"entryPoint":"verifyManager"},"addManager":{"availableMemoryMb":null,"timeoutSeconds":null,"minInstances":null,"maxInstances":null,"ingressSettings":null,"concurrency":null,"serviceAccountEmail":null,"vpc":null,"platform":"gcfv2","region":["europe-west2"],"labels":{},"httpsTrigger":{},"entryPoint":"addManager"},"aiGen":{"availableMemoryMb":null,"timeoutSeconds":null,"minInstances":null,"maxInstances":null,"ingressSettings":null,"concurrency":null,"serviceAccountEmail":null,"vpc":null,"platform":"gcfv2","region":["europe-west2"],"labels":{},"httpsTrigger":{},"entryPoint":"aiGen"}},"specVersion":"v1alpha1","requiredAPIs":[],"extensions":{}}
[debug] [2024-10-26T01:55:35.461Z] [work-queue] {"queuedWork":["/rd-year-project-1f41d/europe-west2/aiGen-2024-10-26T01:55:35.461Z"],"queueLength":1,"runningWork":[],"workRunningCount":0}
[debug] [2024-10-26T01:55:35.461Z] [work-queue] {"queuedWork":[],"queueLength":0,"runningWork":["/rd-year-project-1f41d/europe-west2/aiGen-2024-10-26T01:55:35.461Z"],"workRunningCount":1}
[debug] [2024-10-26T01:55:35.462Z] Accepted request POST /rd-year-project-1f41d/europe-west2/aiGen --> europe-west2-aiGen
[debug] [2024-10-26T01:55:35.463Z] [functions] Runtime ready! Sending request! {"metadata":{"emulator":{"name":"functions"},"message":"[functions] Runtime ready! Sending request!"}}
[debug] [2024-10-26T01:55:35.464Z] [functions] Got req.url=/rd-year-project-1f41d/europe-west2/aiGen, mapping to path=/ {"metadata":{"emulator":{"name":"functions"},"message":"[functions] Got req.url=/rd-year-project-1f41d/europe-west2/aiGen, mapping to path=/"}}
[debug] [2024-10-26T01:55:35.468Z] [worker-pool] addWorker(europe-west2-aiGen) {"metadata":{"emulator":{"name":"functions"},"message":"[worker-pool] addWorker(europe-west2-aiGen)"}}
[debug] [2024-10-26T01:55:35.469Z] [worker-pool] Adding worker with key europe-west2-aiGen, total=1 {"metadata":{"emulator":{"name":"functions"},"message":"[worker-pool] Adding worker with key europe-west2-aiGen, total=1"}}
[debug] [2024-10-26T01:55:36.361Z] [runtime-status] [145468] Resolved module firebase-admin {"declared":true,"installed":true,"version":"12.6.0","resolution":"C:\\Users\\GojoDev\\Desktop\\Emmanuel K\\college stuff\\year 3\\3rd-yr-group-project\\functions\\node_modules\\firebase-admin\\lib\\index.js"} {"metadata":{"emulator":{"name":"functions"},"function":{"name":"europe-west2-aiGen"},"extension":{},"message":"[runtime-status] [145468] Resolved module firebase-admin {\"declared\":true,\"installed\":true,\"version\":\"12.6.0\",\"resolution\":\"C:\\\\Users\\\\GojoDev\\\\Desktop\\\\Emmanuel K\\\\college stuff\\\\year 3\\\\3rd-yr-group-project\\\\functions\\\\node_modules\\\\firebase-admin\\\\lib\\\\index.js\"}"}}
[debug] [2024-10-26T01:55:36.361Z] [runtime-status] [145468] Resolved module firebase-functions {"declared":true,"installed":true,"version":"6.0.1","resolution":"C:\\Users\\GojoDev\\Desktop\\Emmanuel K\\college stuff\\year 3\\3rd-yr-group-project\\functions\\node_modules\\firebase-functions\\lib\\v2\\index.js"} {"metadata":{"emulator":{"name":"functions"},"function":{"name":"europe-west2-aiGen"},"extension":{},"message":"[runtime-status] [145468] Resolved module firebase-functions {\"declared\":true,\"installed\":true,\"version\":\"6.0.1\",\"resolution\":\"C:\\\\Users\\\\GojoDev\\\\Desktop\\\\Emmanuel K\\\\college stuff\\\\year 3\\\\3rd-yr-group-project\\\\functions\\\\node_modules\\\\firebase-functions\\\\lib\\\\v2\\\\index.js\"}"}}
[debug] [2024-10-26T01:55:36.362Z] [runtime-status] [145468] Outgoing network have been stubbed. [{"name":"http","status":"mocked"},{"name":"http","status":"mocked"},{"name":"https","status":"mocked"},{"name":"https","status":"mocked"},{"name":"net","status":"mocked"}] {"metadata":{"emulator":{"name":"functions"},"function":{"name":"europe-west2-aiGen"},"extension":{},"message":"[runtime-status] [145468] Outgoing network have been stubbed. [{\"name\":\"http\",\"status\":\"mocked\"},{\"name\":\"http\",\"status\":\"mocked\"},{\"name\":\"https\",\"status\":\"mocked\"},{\"name\":\"https\",\"status\":\"mocked\"},{\"name\":\"net\",\"status\":\"mocked\"}]"}}
[debug] [2024-10-26T01:55:36.362Z] [runtime-status] [145468] Resolved module firebase-functions {"declared":true,"installed":true,"version":"6.0.1","resolution":"C:\\Users\\GojoDev\\Desktop\\Emmanuel K\\college stuff\\year 3\\3rd-yr-group-project\\functions\\node_modules\\firebase-functions\\lib\\v2\\index.js"} {"metadata":{"emulator":{"name":"functions"},"function":{"name":"europe-west2-aiGen"},"extension":{},"message":"[runtime-status] [145468] Resolved module firebase-functions {\"declared\":true,\"installed\":true,\"version\":\"6.0.1\",\"resolution\":\"C:\\\\Users\\\\GojoDev\\\\Desktop\\\\Emmanuel K\\\\college stuff\\\\year 3\\\\3rd-yr-group-project\\\\functions\\\\node_modules\\\\firebase-functions\\\\lib\\\\v2\\\\index.js\"}"}}
[debug] [2024-10-26T01:55:36.568Z] [runtime-status] [145468] Checked functions.config() {"config":{}} {"metadata":{"emulator":{"name":"functions"},"function":{"name":"europe-west2-aiGen"},"extension":{},"message":"[runtime-status] [145468] Checked functions.config() {\"config\":{}}"}}
[debug] [2024-10-26T01:55:36.568Z] [runtime-status] [145468] firebase-functions has been stubbed. {"functionsResolution":{"declared":true,"installed":true,"version":"6.0.1","resolution":"C:\\Users\\GojoDev\\Desktop\\Emmanuel K\\college stuff\\year 3\\3rd-yr-group-project\\functions\\node_modules\\firebase-functions\\lib\\v2\\index.js"}} {"metadata":{"emulator":{"name":"functions"},"function":{"name":"europe-west2-aiGen"},"extension":{},"message":"[runtime-status] [145468] firebase-functions has been stubbed. {\"functionsResolution\":{\"declared\":true,\"installed\":true,\"version\":\"6.0.1\",\"resolution\":\"C:\\\\Users\\\\GojoDev\\\\Desktop\\\\Emmanuel K\\\\college stuff\\\\year 3\\\\3rd-yr-group-project\\\\functions\\\\node_modules\\\\firebase-functions\\\\lib\\\\v2\\\\index.js\"}}"}}
[debug] [2024-10-26T01:55:36.569Z] [runtime-status] [145468] Resolved module firebase-functions {"declared":true,"installed":true,"version":"6.0.1","resolution":"C:\\Users\\GojoDev\\Desktop\\Emmanuel K\\college stuff\\year 3\\3rd-yr-group-project\\functions\\node_modules\\firebase-functions\\lib\\v2\\index.js"} {"metadata":{"emulator":{"name":"functions"},"function":{"name":"europe-west2-aiGen"},"extension":{},"message":"[runtime-status] [145468] Resolved module firebase-functions {\"declared\":true,\"installed\":true,\"version\":\"6.0.1\",\"resolution\":\"C:\\\\Users\\\\GojoDev\\\\Desktop\\\\Emmanuel K\\\\college stuff\\\\year 3\\\\3rd-yr-group-project\\\\functions\\\\node_modules\\\\firebase-functions\\\\lib\\\\v2\\\\index.js\"}"}}
[debug] [2024-10-26T01:55:36.573Z] [runtime-status] [145468] Resolved module firebase-admin {"declared":true,"installed":true,"version":"12.6.0","resolution":"C:\\Users\\GojoDev\\Desktop\\Emmanuel K\\college stuff\\year 3\\3rd-yr-group-project\\functions\\node_modules\\firebase-admin\\lib\\index.js"} {"metadata":{"emulator":{"name":"functions"},"function":{"name":"europe-west2-aiGen"},"extension":{},"message":"[runtime-status] [145468] Resolved module firebase-admin {\"declared\":true,\"installed\":true,\"version\":\"12.6.0\",\"resolution\":\"C:\\\\Users\\\\GojoDev\\\\Desktop\\\\Emmanuel K\\\\college stuff\\\\year 3\\\\3rd-yr-group-project\\\\functions\\\\node_modules\\\\firebase-admin\\\\lib\\\\index.js\"}"}}
[debug] [2024-10-26T01:55:36.574Z] [runtime-status] [145468] Resolved module firebase-functions {"declared":true,"installed":true,"version":"6.0.1","resolution":"C:\\Users\\GojoDev\\Desktop\\Emmanuel K\\college stuff\\year 3\\3rd-yr-group-project\\functions\\node_modules\\firebase-functions\\lib\\v2\\index.js"} {"metadata":{"emulator":{"name":"functions"},"function":{"name":"europe-west2-aiGen"},"extension":{},"message":"[runtime-status] [145468] Resolved module firebase-functions {\"declared\":true,\"installed\":true,\"version\":\"6.0.1\",\"resolution\":\"C:\\\\Users\\\\GojoDev\\\\Desktop\\\\Emmanuel K\\\\college stuff\\\\year 3\\\\3rd-yr-group-project\\\\functions\\\\node_modules\\\\firebase-functions\\\\lib\\\\v2\\\\index.js\"}"}}
[debug] [2024-10-26T01:55:36.574Z] [runtime-status] [145468] firebase-admin has been stubbed. {"adminResolution":{"declared":true,"installed":true,"version":"12.6.0","resolution":"C:\\Users\\GojoDev\\Desktop\\Emmanuel K\\college stuff\\year 3\\3rd-yr-group-project\\functions\\node_modules\\firebase-admin\\lib\\index.js"}} {"metadata":{"emulator":{"name":"functions"},"function":{"name":"europe-west2-aiGen"},"extension":{},"message":"[runtime-status] [145468] firebase-admin has been stubbed. {\"adminResolution\":{\"declared\":true,\"installed\":true,\"version\":\"12.6.0\",\"resolution\":\"C:\\\\Users\\\\GojoDev\\\\Desktop\\\\Emmanuel K\\\\college stuff\\\\year 3\\\\3rd-yr-group-project\\\\functions\\\\node_modules\\\\firebase-admin\\\\lib\\\\index.js\"}}"}}
[debug] [2024-10-26T01:55:36.701Z] [runtime-status] [145468] Functions runtime initialized. {"cwd":"C:\\Users\\GojoDev\\Desktop\\Emmanuel K\\college stuff\\year 3\\3rd-yr-group-project\\functions","node_version":"20.13.1"} {"metadata":{"emulator":{"name":"functions"},"function":{"name":"europe-west2-aiGen"},"extension":{},"message":"[runtime-status] [145468] Functions runtime initialized. {\"cwd\":\"C:\\\\Users\\\\GojoDev\\\\Desktop\\\\Emmanuel K\\\\college stuff\\\\year 3\\\\3rd-yr-group-project\\\\functions\",\"node_version\":\"20.13.1\"}"}}
[debug] [2024-10-26T01:55:36.701Z] [runtime-status] [145468] Listening to port: \\?\pipe\fire_emu_e25f1d2d690c6cd0 {"metadata":{"emulator":{"name":"functions"},"function":{"name":"europe-west2-aiGen"},"extension":{},"message":"[runtime-status] [145468] Listening to port: \\\\?\\pipe\\fire_emu_e25f1d2d690c6cd0"}}
[debug] [2024-10-26T01:55:36.782Z] [worker-europe-west2-aiGen-958b7d70-4628-4944-8f01-1de084801290]: IDLE {"metadata":{"emulator":{"name":"functions"},"function":{"name":"europe-west2-aiGen"},"extension":{},"message":"[worker-europe-west2-aiGen-958b7d70-4628-4944-8f01-1de084801290]: IDLE"}}
[debug] [2024-10-26T01:55:36.783Z] [worker-pool] submitRequest(triggerId=europe-west2-aiGen) {"metadata":{"emulator":{"name":"functions"},"message":"[worker-pool] submitRequest(triggerId=europe-west2-aiGen)"}}
[info] i  functions: Beginning execution of "europe-west2-aiGen" {"metadata":{"emulator":{"name":"functions"},"function":{"name":"europe-west2-aiGen"},"extension":{},"message":"Beginning execution of \"europe-west2-aiGen\""}}
[debug] [2024-10-26T01:55:36.783Z] [worker-europe-west2-aiGen-958b7d70-4628-4944-8f01-1de084801290]: BUSY {"metadata":{"emulator":{"name":"functions"},"function":{"name":"europe-west2-aiGen"},"extension":{},"message":"[worker-europe-west2-aiGen-958b7d70-4628-4944-8f01-1de084801290]: BUSY"}}
[debug] [2024-10-26T01:55:38.828Z] defaultcredentials: writing to file C:\Users\GojoDev\AppData\Roaming\firebase\eakoledoye_gmail_com_application_default_credentials.json
[debug] [2024-10-26T01:55:38.828Z] Setting GAC to C:\Users\GojoDev\AppData\Roaming\firebase\eakoledoye_gmail_com_application_default_credentials.json {"metadata":{"emulator":{"name":"functions"},"message":"Setting GAC to C:\\Users\\GojoDev\\AppData\\Roaming\\firebase\\eakoledoye_gmail_com_application_default_credentials.json"}}
[info] +  functions: Loaded functions definitions from source: showDB, verifyAdmin, addAdmin, verifyClient, verifyManager, addManager, aiGen. {"metadata":{"emulator":{"name":"functions"},"message":"Loaded functions definitions from source: showDB, verifyAdmin, addAdmin, verifyClient, verifyManager, addManager, aiGen."}}
[debug] [2024-10-26T01:55:38.829Z] [worker-pool] Marking BUSY worker to finish (europe-west2-aiGen) {"metadata":{"emulator":{"name":"functions"},"message":"[worker-pool] Marking BUSY worker to finish (europe-west2-aiGen)"}}
[debug] [2024-10-26T01:55:38.829Z] [worker-europe-west2-aiGen-958b7d70-4628-4944-8f01-1de084801290]: FINISHING {"metadata":{"emulator":{"name":"functions"},"function":{"name":"europe-west2-aiGen"},"extension":{},"message":"[worker-europe-west2-aiGen-958b7d70-4628-4944-8f01-1de084801290]: FINISHING"}}
[debug] [2024-10-26T01:55:39.535Z] Finishing up request with event=pause {"metadata":{"emulator":{"name":"functions"},"function":{"name":"europe-west2-aiGen"},"extension":{},"message":"Finishing up request with event=pause"}}
[info] i  functions: Finished "europe-west2-aiGen" in 2751.6236ms {"metadata":{"emulator":{"name":"functions"},"function":{"name":"europe-west2-aiGen"},"extension":{},"message":"Finished \"europe-west2-aiGen\" in 2751.6236ms"}}
[debug] [2024-10-26T01:55:39.535Z] [worker-europe-west2-aiGen-958b7d70-4628-4944-8f01-1de084801290]: IDLE --> FINISHING {"metadata":{"emulator":{"name":"functions"},"function":{"name":"europe-west2-aiGen"},"extension":{},"message":"[worker-europe-west2-aiGen-958b7d70-4628-4944-8f01-1de084801290]: IDLE --> FINISHING"}}
[debug] [2024-10-26T01:55:39.536Z] Finishing up request with event=finish {"metadata":{"emulator":{"name":"functions"},"function":{"name":"europe-west2-aiGen"},"extension":{},"message":"Finishing up request with event=finish"}}
[debug] [2024-10-26T01:55:39.536Z] Finishing up request with event=close {"metadata":{"emulator":{"name":"functions"},"function":{"name":"europe-west2-aiGen"},"extension":{},"message":"Finishing up request with event=close"}}
[debug] [2024-10-26T01:55:39.536Z] [work-queue] {"queuedWork":[],"queueLength":0,"runningWork":[],"workRunningCount":0}
[debug] [2024-10-26T01:55:39.546Z] [worker-europe-west2-aiGen-958b7d70-4628-4944-8f01-1de084801290]: exited {"metadata":{"emulator":{"name":"functions"},"function":{"name":"europe-west2-aiGen"},"extension":{},"message":"[worker-europe-west2-aiGen-958b7d70-4628-4944-8f01-1de084801290]: exited"}}
[debug] [2024-10-26T01:55:39.547Z] [worker-europe-west2-aiGen-958b7d70-4628-4944-8f01-1de084801290]: FINISHED {"metadata":{"emulator":{"name":"functions"},"function":{"name":"europe-west2-aiGen"},"extension":{},"message":"[worker-europe-west2-aiGen-958b7d70-4628-4944-8f01-1de084801290]: FINISHED"}}
[debug] [2024-10-26T01:55:42.893Z] File C:\Users\GojoDev\Desktop\Emmanuel K\college stuff\year 3\3rd-yr-group-project\functions\clientSideTest_AIengine.js changed, reloading triggers {"metadata":{"emulator":{"name":"functions"},"message":"File C:\\Users\\GojoDev\\Desktop\\Emmanuel K\\college stuff\\year 3\\3rd-yr-group-project\\functions\\clientSideTest_AIengine.js changed, reloading triggers"}}
[debug] [2024-10-26T01:55:43.894Z] Validating nodejs source
[warn] !  functions: package.json indicates an outdated version of firebase-functions. Please upgrade using npm install --save firebase-functions@latest in your functions directory. 
[debug] [2024-10-26T01:55:44.598Z] > [functions] package.json contents: {
  "name": "functions",
  "description": "Cloud Functions for Firebase",
  "scripts": {
    "shell": "firebase functions:shell",
    "start": "firebase emulators:start",
    "deploy": "firebase deploy --only functions",
    "logs": "firebase functions:log"
  },
  "engines": {
    "node": "20"
  },
  "main": "index.js",
  "dependencies": {
    "axios": "^1.7.7",
    "bcrypt": "^5.1.1",
    "firebase": "^10.14.1",
    "firebase-admin": "^12.6.0",
    "firebase-functions": "^6.0.1",
    "firebase-tools": "^1.2.0"
  },
  "devDependencies": {
    "firebase-functions-test": "^3.1.0"
  },
  "private": true
}
[debug] [2024-10-26T01:55:44.598Z] Building nodejs source
[debug] [2024-10-26T01:55:44.598Z] Failed to find version of module node: reached end of search path C:\Users\GojoDev\Desktop\Emmanuel K\college stuff\year 3\3rd-yr-group-project\functions\node_modules
[info] +  functions: Using node@20 from host. 
[debug] [2024-10-26T01:55:44.599Z] Could not find functions.yaml. Must use http discovery
[debug] [2024-10-26T01:55:44.603Z] Found firebase-functions binary at 'C:\Users\GojoDev\Desktop\Emmanuel K\college stuff\year 3\3rd-yr-group-project\functions\node_modules\.bin\firebase-functions'
[debug] [2024-10-26T01:55:44.608Z] File C:\Users\GojoDev\Desktop\Emmanuel K\college stuff\year 3\3rd-yr-group-project\functions\clientSideTest_AIengine.js changed, reloading triggers {"metadata":{"emulator":{"name":"functions"},"message":"File C:\\Users\\GojoDev\\Desktop\\Emmanuel K\\college stuff\\year 3\\3rd-yr-group-project\\functions\\clientSideTest_AIengine.js changed, reloading triggers"}}
[info] Serving at port 8594

[debug] [2024-10-26T01:55:45.041Z] Got response from /__/functions.yaml {"endpoints":{"showDB":{"availableMemoryMb":null,"timeoutSeconds":null,"minInstances":null,"maxInstances":null,"ingressSettings":null,"concurrency":null,"serviceAccountEmail":null,"vpc":null,"platform":"gcfv2","region":["europe-west2"],"labels":{},"httpsTrigger":{},"entryPoint":"showDB"},"verifyAdmin":{"availableMemoryMb":null,"timeoutSeconds":null,"minInstances":null,"maxInstances":null,"ingressSettings":null,"concurrency":null,"serviceAccountEmail":null,"vpc":null,"platform":"gcfv2","region":["europe-west2"],"labels":{},"httpsTrigger":{},"entryPoint":"verifyAdmin"},"addAdmin":{"availableMemoryMb":null,"timeoutSeconds":null,"minInstances":null,"maxInstances":null,"ingressSettings":null,"concurrency":null,"serviceAccountEmail":null,"vpc":null,"platform":"gcfv2","region":["europe-west2"],"labels":{},"httpsTrigger":{},"entryPoint":"addAdmin"},"verifyClient":{"availableMemoryMb":null,"timeoutSeconds":null,"minInstances":null,"maxInstances":null,"ingressSettings":null,"concurrency":null,"serviceAccountEmail":null,"vpc":null,"platform":"gcfv2","region":["europe-west2"],"labels":{},"httpsTrigger":{},"entryPoint":"verifyClient"},"verifyManager":{"availableMemoryMb":null,"timeoutSeconds":null,"minInstances":null,"maxInstances":null,"ingressSettings":null,"concurrency":null,"serviceAccountEmail":null,"vpc":null,"platform":"gcfv2","region":["europe-west2"],"labels":{},"httpsTrigger":{},"entryPoint":"verifyManager"},"addManager":{"availableMemoryMb":null,"timeoutSeconds":null,"minInstances":null,"maxInstances":null,"ingressSettings":null,"concurrency":null,"serviceAccountEmail":null,"vpc":null,"platform":"gcfv2","region":["europe-west2"],"labels":{},"httpsTrigger":{},"entryPoint":"addManager"},"aiGen":{"availableMemoryMb":null,"timeoutSeconds":null,"minInstances":null,"maxInstances":null,"ingressSettings":null,"concurrency":null,"serviceAccountEmail":null,"vpc":null,"platform":"gcfv2","region":["europe-west2"],"labels":{},"httpsTrigger":{},"entryPoint":"aiGen"}},"specVersion":"v1alpha1","requiredAPIs":[],"extensions":{}}
[debug] [2024-10-26T01:55:45.609Z] Validating nodejs source
[warn] !  functions: package.json indicates an outdated version of firebase-functions. Please upgrade using npm install --save firebase-functions@latest in your functions directory. 
[debug] [2024-10-26T01:55:46.274Z] > [functions] package.json contents: {
  "name": "functions",
  "description": "Cloud Functions for Firebase",
  "scripts": {
    "shell": "firebase functions:shell",
    "start": "firebase emulators:start",
    "deploy": "firebase deploy --only functions",
    "logs": "firebase functions:log"
  },
  "engines": {
    "node": "20"
  },
  "main": "index.js",
  "dependencies": {
    "axios": "^1.7.7",
    "bcrypt": "^5.1.1",
    "firebase": "^10.14.1",
    "firebase-admin": "^12.6.0",
    "firebase-functions": "^6.0.1",
    "firebase-tools": "^1.2.0"
  },
  "devDependencies": {
    "firebase-functions-test": "^3.1.0"
  },
  "private": true
}
[debug] [2024-10-26T01:55:46.274Z] Building nodejs source
[debug] [2024-10-26T01:55:46.274Z] Failed to find version of module node: reached end of search path C:\Users\GojoDev\Desktop\Emmanuel K\college stuff\year 3\3rd-yr-group-project\functions\node_modules
[info] +  functions: Using node@20 from host. 
[debug] [2024-10-26T01:55:46.275Z] Could not find functions.yaml. Must use http discovery
[debug] [2024-10-26T01:55:46.279Z] Found firebase-functions binary at 'C:\Users\GojoDev\Desktop\Emmanuel K\college stuff\year 3\3rd-yr-group-project\functions\node_modules\.bin\firebase-functions'
[info] Serving at port 8804

[debug] [2024-10-26T01:55:46.658Z] Got response from /__/functions.yaml {"endpoints":{"showDB":{"availableMemoryMb":null,"timeoutSeconds":null,"minInstances":null,"maxInstances":null,"ingressSettings":null,"concurrency":null,"serviceAccountEmail":null,"vpc":null,"platform":"gcfv2","region":["europe-west2"],"labels":{},"httpsTrigger":{},"entryPoint":"showDB"},"verifyAdmin":{"availableMemoryMb":null,"timeoutSeconds":null,"minInstances":null,"maxInstances":null,"ingressSettings":null,"concurrency":null,"serviceAccountEmail":null,"vpc":null,"platform":"gcfv2","region":["europe-west2"],"labels":{},"httpsTrigger":{},"entryPoint":"verifyAdmin"},"addAdmin":{"availableMemoryMb":null,"timeoutSeconds":null,"minInstances":null,"maxInstances":null,"ingressSettings":null,"concurrency":null,"serviceAccountEmail":null,"vpc":null,"platform":"gcfv2","region":["europe-west2"],"labels":{},"httpsTrigger":{},"entryPoint":"addAdmin"},"verifyClient":{"availableMemoryMb":null,"timeoutSeconds":null,"minInstances":null,"maxInstances":null,"ingressSettings":null,"concurrency":null,"serviceAccountEmail":null,"vpc":null,"platform":"gcfv2","region":["europe-west2"],"labels":{},"httpsTrigger":{},"entryPoint":"verifyClient"},"verifyManager":{"availableMemoryMb":null,"timeoutSeconds":null,"minInstances":null,"maxInstances":null,"ingressSettings":null,"concurrency":null,"serviceAccountEmail":null,"vpc":null,"platform":"gcfv2","region":["europe-west2"],"labels":{},"httpsTrigger":{},"entryPoint":"verifyManager"},"addManager":{"availableMemoryMb":null,"timeoutSeconds":null,"minInstances":null,"maxInstances":null,"ingressSettings":null,"concurrency":null,"serviceAccountEmail":null,"vpc":null,"platform":"gcfv2","region":["europe-west2"],"labels":{},"httpsTrigger":{},"entryPoint":"addManager"},"aiGen":{"availableMemoryMb":null,"timeoutSeconds":null,"minInstances":null,"maxInstances":null,"ingressSettings":null,"concurrency":null,"serviceAccountEmail":null,"vpc":null,"platform":"gcfv2","region":["europe-west2"],"labels":{},"httpsTrigger":{},"entryPoint":"aiGen"}},"specVersion":"v1alpha1","requiredAPIs":[],"extensions":{}}
[debug] [2024-10-26T01:55:50.062Z] defaultcredentials: writing to file C:\Users\GojoDev\AppData\Roaming\firebase\eakoledoye_gmail_com_application_default_credentials.json
[debug] [2024-10-26T01:55:50.062Z] Setting GAC to C:\Users\GojoDev\AppData\Roaming\firebase\eakoledoye_gmail_com_application_default_credentials.json {"metadata":{"emulator":{"name":"functions"},"message":"Setting GAC to C:\\Users\\GojoDev\\AppData\\Roaming\\firebase\\eakoledoye_gmail_com_application_default_credentials.json"}}
[info] +  functions: Loaded functions definitions from source: showDB, verifyAdmin, addAdmin, verifyClient, verifyManager, addManager, aiGen. {"metadata":{"emulator":{"name":"functions"},"message":"Loaded functions definitions from source: showDB, verifyAdmin, addAdmin, verifyClient, verifyManager, addManager, aiGen."}}
[debug] [2024-10-26T01:55:51.676Z] defaultcredentials: writing to file C:\Users\GojoDev\AppData\Roaming\firebase\eakoledoye_gmail_com_application_default_credentials.json
[debug] [2024-10-26T01:55:51.676Z] Setting GAC to C:\Users\GojoDev\AppData\Roaming\firebase\eakoledoye_gmail_com_application_default_credentials.json {"metadata":{"emulator":{"name":"functions"},"message":"Setting GAC to C:\\Users\\GojoDev\\AppData\\Roaming\\firebase\\eakoledoye_gmail_com_application_default_credentials.json"}}
[info] +  functions: Loaded functions definitions from source: showDB, verifyAdmin, addAdmin, verifyClient, verifyManager, addManager, aiGen. {"metadata":{"emulator":{"name":"functions"},"message":"Loaded functions definitions from source: showDB, verifyAdmin, addAdmin, verifyClient, verifyManager, addManager, aiGen."}}
[debug] [2024-10-26T01:56:16.725Z] File C:\Users\GojoDev\Desktop\Emmanuel K\college stuff\year 3\3rd-yr-group-project\functions\clientSideTest_AIengine.js changed, reloading triggers {"metadata":{"emulator":{"name":"functions"},"message":"File C:\\Users\\GojoDev\\Desktop\\Emmanuel K\\college stuff\\year 3\\3rd-yr-group-project\\functions\\clientSideTest_AIengine.js changed, reloading triggers"}}
[debug] [2024-10-26T01:56:17.726Z] Validating nodejs source
[warn] !  functions: package.json indicates an outdated version of firebase-functions. Please upgrade using npm install --save firebase-functions@latest in your functions directory. 
[debug] [2024-10-26T01:56:18.400Z] > [functions] package.json contents: {
  "name": "functions",
  "description": "Cloud Functions for Firebase",
  "scripts": {
    "shell": "firebase functions:shell",
    "start": "firebase emulators:start",
    "deploy": "firebase deploy --only functions",
    "logs": "firebase functions:log"
  },
  "engines": {
    "node": "20"
  },
  "main": "index.js",
  "dependencies": {
    "axios": "^1.7.7",
    "bcrypt": "^5.1.1",
    "firebase": "^10.14.1",
    "firebase-admin": "^12.6.0",
    "firebase-functions": "^6.0.1",
    "firebase-tools": "^1.2.0"
  },
  "devDependencies": {
    "firebase-functions-test": "^3.1.0"
  },
  "private": true
}
[debug] [2024-10-26T01:56:18.400Z] Building nodejs source
[debug] [2024-10-26T01:56:18.400Z] Failed to find version of module node: reached end of search path C:\Users\GojoDev\Desktop\Emmanuel K\college stuff\year 3\3rd-yr-group-project\functions\node_modules
[info] +  functions: Using node@20 from host. 
[debug] [2024-10-26T01:56:18.400Z] Could not find functions.yaml. Must use http discovery
[debug] [2024-10-26T01:56:18.404Z] Found firebase-functions binary at 'C:\Users\GojoDev\Desktop\Emmanuel K\college stuff\year 3\3rd-yr-group-project\functions\node_modules\.bin\firebase-functions'
[debug] [2024-10-26T01:56:18.409Z] [work-queue] {"queuedWork":["/rd-year-project-1f41d/europe-west2/aiGen-2024-10-26T01:56:18.409Z"],"queueLength":1,"runningWork":[],"workRunningCount":0}
[debug] [2024-10-26T01:56:18.409Z] [work-queue] {"queuedWork":[],"queueLength":0,"runningWork":["/rd-year-project-1f41d/europe-west2/aiGen-2024-10-26T01:56:18.409Z"],"workRunningCount":1}
[debug] [2024-10-26T01:56:18.410Z] Accepted request POST /rd-year-project-1f41d/europe-west2/aiGen --> europe-west2-aiGen
[debug] [2024-10-26T01:56:18.411Z] [functions] Runtime ready! Sending request! {"metadata":{"emulator":{"name":"functions"},"message":"[functions] Runtime ready! Sending request!"}}
[debug] [2024-10-26T01:56:18.411Z] [functions] Got req.url=/rd-year-project-1f41d/europe-west2/aiGen, mapping to path=/ {"metadata":{"emulator":{"name":"functions"},"message":"[functions] Got req.url=/rd-year-project-1f41d/europe-west2/aiGen, mapping to path=/"}}
[debug] [2024-10-26T01:56:18.411Z] [worker-pool] Cleaned up workers for europe-west2-aiGen: 1 --> 0 {"metadata":{"emulator":{"name":"functions"},"message":"[worker-pool] Cleaned up workers for europe-west2-aiGen: 1 --> 0"}}
[debug] [2024-10-26T01:56:18.415Z] [worker-pool] addWorker(europe-west2-aiGen) {"metadata":{"emulator":{"name":"functions"},"message":"[worker-pool] addWorker(europe-west2-aiGen)"}}
[debug] [2024-10-26T01:56:18.415Z] [worker-pool] Adding worker with key europe-west2-aiGen, total=1 {"metadata":{"emulator":{"name":"functions"},"message":"[worker-pool] Adding worker with key europe-west2-aiGen, total=1"}}
[info] Serving at port 8699

[debug] [2024-10-26T01:56:18.779Z] Got response from /__/functions.yaml {"endpoints":{"showDB":{"availableMemoryMb":null,"timeoutSeconds":null,"minInstances":null,"maxInstances":null,"ingressSettings":null,"concurrency":null,"serviceAccountEmail":null,"vpc":null,"platform":"gcfv2","region":["europe-west2"],"labels":{},"httpsTrigger":{},"entryPoint":"showDB"},"verifyAdmin":{"availableMemoryMb":null,"timeoutSeconds":null,"minInstances":null,"maxInstances":null,"ingressSettings":null,"concurrency":null,"serviceAccountEmail":null,"vpc":null,"platform":"gcfv2","region":["europe-west2"],"labels":{},"httpsTrigger":{},"entryPoint":"verifyAdmin"},"addAdmin":{"availableMemoryMb":null,"timeoutSeconds":null,"minInstances":null,"maxInstances":null,"ingressSettings":null,"concurrency":null,"serviceAccountEmail":null,"vpc":null,"platform":"gcfv2","region":["europe-west2"],"labels":{},"httpsTrigger":{},"entryPoint":"addAdmin"},"verifyClient":{"availableMemoryMb":null,"timeoutSeconds":null,"minInstances":null,"maxInstances":null,"ingressSettings":null,"concurrency":null,"serviceAccountEmail":null,"vpc":null,"platform":"gcfv2","region":["europe-west2"],"labels":{},"httpsTrigger":{},"entryPoint":"verifyClient"},"verifyManager":{"availableMemoryMb":null,"timeoutSeconds":null,"minInstances":null,"maxInstances":null,"ingressSettings":null,"concurrency":null,"serviceAccountEmail":null,"vpc":null,"platform":"gcfv2","region":["europe-west2"],"labels":{},"httpsTrigger":{},"entryPoint":"verifyManager"},"addManager":{"availableMemoryMb":null,"timeoutSeconds":null,"minInstances":null,"maxInstances":null,"ingressSettings":null,"concurrency":null,"serviceAccountEmail":null,"vpc":null,"platform":"gcfv2","region":["europe-west2"],"labels":{},"httpsTrigger":{},"entryPoint":"addManager"},"aiGen":{"availableMemoryMb":null,"timeoutSeconds":null,"minInstances":null,"maxInstances":null,"ingressSettings":null,"concurrency":null,"serviceAccountEmail":null,"vpc":null,"platform":"gcfv2","region":["europe-west2"],"labels":{},"httpsTrigger":{},"entryPoint":"aiGen"}},"specVersion":"v1alpha1","requiredAPIs":[],"extensions":{}}
[debug] [2024-10-26T01:56:19.286Z] [runtime-status] [145056] Resolved module firebase-admin {"declared":true,"installed":true,"version":"12.6.0","resolution":"C:\\Users\\GojoDev\\Desktop\\Emmanuel K\\college stuff\\year 3\\3rd-yr-group-project\\functions\\node_modules\\firebase-admin\\lib\\index.js"} {"metadata":{"emulator":{"name":"functions"},"function":{"name":"europe-west2-aiGen"},"extension":{},"message":"[runtime-status] [145056] Resolved module firebase-admin {\"declared\":true,\"installed\":true,\"version\":\"12.6.0\",\"resolution\":\"C:\\\\Users\\\\GojoDev\\\\Desktop\\\\Emmanuel K\\\\college stuff\\\\year 3\\\\3rd-yr-group-project\\\\functions\\\\node_modules\\\\firebase-admin\\\\lib\\\\index.js\"}"}}
[debug] [2024-10-26T01:56:19.287Z] [runtime-status] [145056] Resolved module firebase-functions {"declared":true,"installed":true,"version":"6.0.1","resolution":"C:\\Users\\GojoDev\\Desktop\\Emmanuel K\\college stuff\\year 3\\3rd-yr-group-project\\functions\\node_modules\\firebase-functions\\lib\\v2\\index.js"} {"metadata":{"emulator":{"name":"functions"},"function":{"name":"europe-west2-aiGen"},"extension":{},"message":"[runtime-status] [145056] Resolved module firebase-functions {\"declared\":true,\"installed\":true,\"version\":\"6.0.1\",\"resolution\":\"C:\\\\Users\\\\GojoDev\\\\Desktop\\\\Emmanuel K\\\\college stuff\\\\year 3\\\\3rd-yr-group-project\\\\functions\\\\node_modules\\\\firebase-functions\\\\lib\\\\v2\\\\index.js\"}"}}
[debug] [2024-10-26T01:56:19.288Z] [runtime-status] [145056] Outgoing network have been stubbed. [{"name":"http","status":"mocked"},{"name":"http","status":"mocked"},{"name":"https","status":"mocked"},{"name":"https","status":"mocked"},{"name":"net","status":"mocked"}] {"metadata":{"emulator":{"name":"functions"},"function":{"name":"europe-west2-aiGen"},"extension":{},"message":"[runtime-status] [145056] Outgoing network have been stubbed. [{\"name\":\"http\",\"status\":\"mocked\"},{\"name\":\"http\",\"status\":\"mocked\"},{\"name\":\"https\",\"status\":\"mocked\"},{\"name\":\"https\",\"status\":\"mocked\"},{\"name\":\"net\",\"status\":\"mocked\"}]"}}
[debug] [2024-10-26T01:56:19.288Z] [runtime-status] [145056] Resolved module firebase-functions {"declared":true,"installed":true,"version":"6.0.1","resolution":"C:\\Users\\GojoDev\\Desktop\\Emmanuel K\\college stuff\\year 3\\3rd-yr-group-project\\functions\\node_modules\\firebase-functions\\lib\\v2\\index.js"} {"metadata":{"emulator":{"name":"functions"},"function":{"name":"europe-west2-aiGen"},"extension":{},"message":"[runtime-status] [145056] Resolved module firebase-functions {\"declared\":true,\"installed\":true,\"version\":\"6.0.1\",\"resolution\":\"C:\\\\Users\\\\GojoDev\\\\Desktop\\\\Emmanuel K\\\\college stuff\\\\year 3\\\\3rd-yr-group-project\\\\functions\\\\node_modules\\\\firebase-functions\\\\lib\\\\v2\\\\index.js\"}"}}
[debug] [2024-10-26T01:56:19.478Z] [runtime-status] [145056] Checked functions.config() {"config":{}} {"metadata":{"emulator":{"name":"functions"},"function":{"name":"europe-west2-aiGen"},"extension":{},"message":"[runtime-status] [145056] Checked functions.config() {\"config\":{}}"}}
[debug] [2024-10-26T01:56:19.478Z] [runtime-status] [145056] firebase-functions has been stubbed. {"functionsResolution":{"declared":true,"installed":true,"version":"6.0.1","resolution":"C:\\Users\\GojoDev\\Desktop\\Emmanuel K\\college stuff\\year 3\\3rd-yr-group-project\\functions\\node_modules\\firebase-functions\\lib\\v2\\index.js"}} {"metadata":{"emulator":{"name":"functions"},"function":{"name":"europe-west2-aiGen"},"extension":{},"message":"[runtime-status] [145056] firebase-functions has been stubbed. {\"functionsResolution\":{\"declared\":true,\"installed\":true,\"version\":\"6.0.1\",\"resolution\":\"C:\\\\Users\\\\GojoDev\\\\Desktop\\\\Emmanuel K\\\\college stuff\\\\year 3\\\\3rd-yr-group-project\\\\functions\\\\node_modules\\\\firebase-functions\\\\lib\\\\v2\\\\index.js\"}}"}}
[debug] [2024-10-26T01:56:19.479Z] [runtime-status] [145056] Resolved module firebase-functions {"declared":true,"installed":true,"version":"6.0.1","resolution":"C:\\Users\\GojoDev\\Desktop\\Emmanuel K\\college stuff\\year 3\\3rd-yr-group-project\\functions\\node_modules\\firebase-functions\\lib\\v2\\index.js"} {"metadata":{"emulator":{"name":"functions"},"function":{"name":"europe-west2-aiGen"},"extension":{},"message":"[runtime-status] [145056] Resolved module firebase-functions {\"declared\":true,\"installed\":true,\"version\":\"6.0.1\",\"resolution\":\"C:\\\\Users\\\\GojoDev\\\\Desktop\\\\Emmanuel K\\\\college stuff\\\\year 3\\\\3rd-yr-group-project\\\\functions\\\\node_modules\\\\firebase-functions\\\\lib\\\\v2\\\\index.js\"}"}}
[debug] [2024-10-26T01:56:19.481Z] [runtime-status] [145056] Resolved module firebase-admin {"declared":true,"installed":true,"version":"12.6.0","resolution":"C:\\Users\\GojoDev\\Desktop\\Emmanuel K\\college stuff\\year 3\\3rd-yr-group-project\\functions\\node_modules\\firebase-admin\\lib\\index.js"} {"metadata":{"emulator":{"name":"functions"},"function":{"name":"europe-west2-aiGen"},"extension":{},"message":"[runtime-status] [145056] Resolved module firebase-admin {\"declared\":true,\"installed\":true,\"version\":\"12.6.0\",\"resolution\":\"C:\\\\Users\\\\GojoDev\\\\Desktop\\\\Emmanuel K\\\\college stuff\\\\year 3\\\\3rd-yr-group-project\\\\functions\\\\node_modules\\\\firebase-admin\\\\lib\\\\index.js\"}"}}
[debug] [2024-10-26T01:56:19.483Z] [runtime-status] [145056] Resolved module firebase-functions {"declared":true,"installed":true,"version":"6.0.1","resolution":"C:\\Users\\GojoDev\\Desktop\\Emmanuel K\\college stuff\\year 3\\3rd-yr-group-project\\functions\\node_modules\\firebase-functions\\lib\\v2\\index.js"} {"metadata":{"emulator":{"name":"functions"},"function":{"name":"europe-west2-aiGen"},"extension":{},"message":"[runtime-status] [145056] Resolved module firebase-functions {\"declared\":true,\"installed\":true,\"version\":\"6.0.1\",\"resolution\":\"C:\\\\Users\\\\GojoDev\\\\Desktop\\\\Emmanuel K\\\\college stuff\\\\year 3\\\\3rd-yr-group-project\\\\functions\\\\node_modules\\\\firebase-functions\\\\lib\\\\v2\\\\index.js\"}"}}
[debug] [2024-10-26T01:56:19.483Z] [runtime-status] [145056] firebase-admin has been stubbed. {"adminResolution":{"declared":true,"installed":true,"version":"12.6.0","resolution":"C:\\Users\\GojoDev\\Desktop\\Emmanuel K\\college stuff\\year 3\\3rd-yr-group-project\\functions\\node_modules\\firebase-admin\\lib\\index.js"}} {"metadata":{"emulator":{"name":"functions"},"function":{"name":"europe-west2-aiGen"},"extension":{},"message":"[runtime-status] [145056] firebase-admin has been stubbed. {\"adminResolution\":{\"declared\":true,\"installed\":true,\"version\":\"12.6.0\",\"resolution\":\"C:\\\\Users\\\\GojoDev\\\\Desktop\\\\Emmanuel K\\\\college stuff\\\\year 3\\\\3rd-yr-group-project\\\\functions\\\\node_modules\\\\firebase-admin\\\\lib\\\\index.js\"}}"}}
[debug] [2024-10-26T01:56:19.598Z] [runtime-status] [145056] Functions runtime initialized. {"cwd":"C:\\Users\\GojoDev\\Desktop\\Emmanuel K\\college stuff\\year 3\\3rd-yr-group-project\\functions","node_version":"20.13.1"} {"metadata":{"emulator":{"name":"functions"},"function":{"name":"europe-west2-aiGen"},"extension":{},"message":"[runtime-status] [145056] Functions runtime initialized. {\"cwd\":\"C:\\\\Users\\\\GojoDev\\\\Desktop\\\\Emmanuel K\\\\college stuff\\\\year 3\\\\3rd-yr-group-project\\\\functions\",\"node_version\":\"20.13.1\"}"}}
[debug] [2024-10-26T01:56:19.598Z] [runtime-status] [145056] Listening to port: \\?\pipe\fire_emu_dd6ef6a937428d7c {"metadata":{"emulator":{"name":"functions"},"function":{"name":"europe-west2-aiGen"},"extension":{},"message":"[runtime-status] [145056] Listening to port: \\\\?\\pipe\\fire_emu_dd6ef6a937428d7c"}}
[debug] [2024-10-26T01:56:19.626Z] [worker-europe-west2-aiGen-3fa68df2-b3da-4144-b377-7e9304903d9a]: IDLE {"metadata":{"emulator":{"name":"functions"},"function":{"name":"europe-west2-aiGen"},"extension":{},"message":"[worker-europe-west2-aiGen-3fa68df2-b3da-4144-b377-7e9304903d9a]: IDLE"}}
[debug] [2024-10-26T01:56:19.626Z] [worker-pool] submitRequest(triggerId=europe-west2-aiGen) {"metadata":{"emulator":{"name":"functions"},"message":"[worker-pool] submitRequest(triggerId=europe-west2-aiGen)"}}
[info] i  functions: Beginning execution of "europe-west2-aiGen" {"metadata":{"emulator":{"name":"functions"},"function":{"name":"europe-west2-aiGen"},"extension":{},"message":"Beginning execution of \"europe-west2-aiGen\""}}
[debug] [2024-10-26T01:56:19.626Z] [worker-europe-west2-aiGen-3fa68df2-b3da-4144-b377-7e9304903d9a]: BUSY {"metadata":{"emulator":{"name":"functions"},"function":{"name":"europe-west2-aiGen"},"extension":{},"message":"[worker-europe-west2-aiGen-3fa68df2-b3da-4144-b377-7e9304903d9a]: BUSY"}}
[debug] [2024-10-26T01:56:22.446Z] Finishing up request with event=pause {"metadata":{"emulator":{"name":"functions"},"function":{"name":"europe-west2-aiGen"},"extension":{},"message":"Finishing up request with event=pause"}}
[info] i  functions: Finished "europe-west2-aiGen" in 2819.3208ms {"metadata":{"emulator":{"name":"functions"},"function":{"name":"europe-west2-aiGen"},"extension":{},"message":"Finished \"europe-west2-aiGen\" in 2819.3208ms"}}
[debug] [2024-10-26T01:56:22.446Z] [worker-europe-west2-aiGen-3fa68df2-b3da-4144-b377-7e9304903d9a]: IDLE {"metadata":{"emulator":{"name":"functions"},"function":{"name":"europe-west2-aiGen"},"extension":{},"message":"[worker-europe-west2-aiGen-3fa68df2-b3da-4144-b377-7e9304903d9a]: IDLE"}}
[debug] [2024-10-26T01:56:22.446Z] Finishing up request with event=finish {"metadata":{"emulator":{"name":"functions"},"function":{"name":"europe-west2-aiGen"},"extension":{},"message":"Finishing up request with event=finish"}}
[debug] [2024-10-26T01:56:22.446Z] Finishing up request with event=close {"metadata":{"emulator":{"name":"functions"},"function":{"name":"europe-west2-aiGen"},"extension":{},"message":"Finishing up request with event=close"}}
[debug] [2024-10-26T01:56:22.446Z] [work-queue] {"queuedWork":[],"queueLength":0,"runningWork":[],"workRunningCount":0}
[debug] [2024-10-26T01:56:23.795Z] defaultcredentials: writing to file C:\Users\GojoDev\AppData\Roaming\firebase\eakoledoye_gmail_com_application_default_credentials.json
[debug] [2024-10-26T01:56:23.795Z] Setting GAC to C:\Users\GojoDev\AppData\Roaming\firebase\eakoledoye_gmail_com_application_default_credentials.json {"metadata":{"emulator":{"name":"functions"},"message":"Setting GAC to C:\\Users\\GojoDev\\AppData\\Roaming\\firebase\\eakoledoye_gmail_com_application_default_credentials.json"}}
[info] +  functions: Loaded functions definitions from source: showDB, verifyAdmin, addAdmin, verifyClient, verifyManager, addManager, aiGen. {"metadata":{"emulator":{"name":"functions"},"message":"Loaded functions definitions from source: showDB, verifyAdmin, addAdmin, verifyClient, verifyManager, addManager, aiGen."}}
[debug] [2024-10-26T01:56:23.795Z] [worker-pool] Shutting down IDLE worker (europe-west2-aiGen) {"metadata":{"emulator":{"name":"functions"},"message":"[worker-pool] Shutting down IDLE worker (europe-west2-aiGen)"}}
[debug] [2024-10-26T01:56:23.796Z] [worker-europe-west2-aiGen-3fa68df2-b3da-4144-b377-7e9304903d9a]: FINISHING {"metadata":{"emulator":{"name":"functions"},"function":{"name":"europe-west2-aiGen"},"extension":{},"message":"[worker-europe-west2-aiGen-3fa68df2-b3da-4144-b377-7e9304903d9a]: FINISHING"}}
[debug] [2024-10-26T01:56:23.805Z] [worker-europe-west2-aiGen-3fa68df2-b3da-4144-b377-7e9304903d9a]: exited {"metadata":{"emulator":{"name":"functions"},"function":{"name":"europe-west2-aiGen"},"extension":{},"message":"[worker-europe-west2-aiGen-3fa68df2-b3da-4144-b377-7e9304903d9a]: exited"}}
[debug] [2024-10-26T01:56:23.805Z] [worker-europe-west2-aiGen-3fa68df2-b3da-4144-b377-7e9304903d9a]: FINISHED {"metadata":{"emulator":{"name":"functions"},"function":{"name":"europe-west2-aiGen"},"extension":{},"message":"[worker-europe-west2-aiGen-3fa68df2-b3da-4144-b377-7e9304903d9a]: FINISHED"}}
