[debug] [2024-10-09T11:36:38.180Z] ----------------------------------------------------------------------
[debug] [2024-10-09T11:36:38.182Z] Command:       C:\Program Files\nodejs\node.exe C:\Users\eakol\OneDrive\Desktop\Emmanuel K\college stuff\year 3\3rd-yr-group-project\node_modules\firebase-tools\lib\bin\firebase.js emulators:start
[debug] [2024-10-09T11:36:38.182Z] CLI Version:   13.22.0
[debug] [2024-10-09T11:36:38.182Z] Platform:      win32
[debug] [2024-10-09T11:36:38.183Z] Node Version:  v18.17.1
[debug] [2024-10-09T11:36:38.184Z] Time:          Wed Oct 09 2024 12:36:38 GMT+0100 (Irish Standard Time)
[debug] [2024-10-09T11:36:38.184Z] ----------------------------------------------------------------------
[debug] 
[debug] [2024-10-09T11:36:38.266Z] > command requires scopes: ["email","openid","https://www.googleapis.com/auth/cloudplatformprojects.readonly","https://www.googleapis.com/auth/firebase","https://www.googleapis.com/auth/cloud-platform"]
[debug] [2024-10-09T11:36:38.266Z] > authorizing via signed-in user (eakoledoye@gmail.com)
[debug] [2024-10-09T11:36:38.373Z] java version "19.0.1" 2022-10-18
Java(TM) SE Runtime Environment (build 19.0.1+10-21)
Java HotSpot(TM) 64-Bit Server VM (build 19.0.1+10-21, mixed mode, sharing)

[debug] [2024-10-09T11:36:38.393Z] Parsed Java major version: 19
[info] i  emulators: Starting emulators: functions, hosting, storage, tasks, extensions {"metadata":{"emulator":{"name":"hub"},"message":"Starting emulators: functions, hosting, storage, tasks, extensions"}}
[debug] [2024-10-09T11:36:38.395Z] Checked if tokens are valid: true, expires at: 1728475361875
[debug] [2024-10-09T11:36:38.395Z] Checked if tokens are valid: true, expires at: 1728475361875
[debug] [2024-10-09T11:36:38.397Z] >>> [apiv2][query] GET https://firebase.googleapis.com/v1beta1/projects/rd-year-project-1f41d [none]
[debug] [2024-10-09T11:36:39.075Z] <<< [apiv2][status] GET https://firebase.googleapis.com/v1beta1/projects/rd-year-project-1f41d 200
[debug] [2024-10-09T11:36:39.075Z] <<< [apiv2][body] GET https://firebase.googleapis.com/v1beta1/projects/rd-year-project-1f41d {"projectId":"rd-year-project-1f41d","projectNumber":"823208675027","displayName":"3rd year project","name":"projects/rd-year-project-1f41d","resources":{"hostingSite":"rd-year-project-1f41d","storageBucket":"rd-year-project-1f41d.appspot.com","locationId":"europe-west2"},"state":"ACTIVE","etag":"1_ebe102b0-cdb5-43f1-8723-6be182a85851"}
[debug] [2024-10-09T11:36:39.087Z] [logging] Logging Emulator only supports listening on one address (127.0.0.1). Not listening on ::1
[debug] [2024-10-09T11:36:39.087Z] [hosting] Hosting Emulator only supports listening on one address (127.0.0.1). Not listening on ::1
[debug] [2024-10-09T11:36:39.088Z] [storage] Storage Emulator only supports listening on one address (127.0.0.1). Not listening on ::1
[debug] [2024-10-09T11:36:39.088Z] assigned listening specs for emulators {"user":{"hub":[{"address":"127.0.0.1","family":"IPv4","port":4400},{"address":"::1","family":"IPv6","port":4400}],"ui":[{"address":"127.0.0.1","family":"IPv4","port":4000},{"address":"::1","family":"IPv6","port":4000}],"logging":[{"address":"127.0.0.1","family":"IPv4","port":4500}],"hosting":[{"address":"127.0.0.1","family":"IPv4","port":5002}],"storage":[{"address":"127.0.0.1","family":"IPv4","port":9199}]},"metadata":{"message":"assigned listening specs for emulators"}}
[debug] [2024-10-09T11:36:39.093Z] [hub] writing locator at C:\Users\eakol\AppData\Local\Temp\hub-rd-year-project-1f41d.json
[debug] [2024-10-09T11:36:39.102Z] [Extensions] Started Extensions emulator, this is a noop.
[debug] [2024-10-09T11:36:39.108Z] [functions] Functions Emulator only supports listening on one address (127.0.0.1). Not listening on ::1
[debug] [2024-10-09T11:36:39.108Z] [eventarc] Eventarc Emulator only supports listening on one address (127.0.0.1). Not listening on ::1
[debug] [2024-10-09T11:36:39.108Z] [tasks] Cloud Tasks Emulator only supports listening on one address (127.0.0.1). Not listening on ::1
[debug] [2024-10-09T11:36:39.108Z] late-assigned ports for functions and eventarc emulators {"user":{"hub":[{"address":"127.0.0.1","family":"IPv4","port":4400},{"address":"::1","family":"IPv6","port":4400}],"ui":[{"address":"127.0.0.1","family":"IPv4","port":4000},{"address":"::1","family":"IPv6","port":4000}],"logging":[{"address":"127.0.0.1","family":"IPv4","port":4500}],"hosting":[{"address":"127.0.0.1","family":"IPv4","port":5002}],"storage":[{"address":"127.0.0.1","family":"IPv4","port":9199}],"functions":[{"address":"127.0.0.1","family":"IPv4","port":5001}],"eventarc":[{"address":"127.0.0.1","family":"IPv4","port":9299}],"tasks":[{"address":"127.0.0.1","family":"IPv4","port":9499}]},"metadata":{"message":"late-assigned ports for functions and eventarc emulators"}}
[warn] !  functions: The following emulators are not running, calls to these services from the Functions emulator will affect production: auth, firestore, database, pubsub, dataconnect {"metadata":{"emulator":{"name":"functions"},"message":"The following emulators are not running, calls to these services from the Functions emulator will affect production: \u001b[1mauth, firestore, database, pubsub, dataconnect\u001b[22m"}}
[debug] [2024-10-09T11:36:39.113Z] defaultcredentials: writing to file C:\Users\eakol\AppData\Roaming\firebase\eakoledoye_gmail_com_application_default_credentials.json
[debug] [2024-10-09T11:36:39.115Z] Setting GAC to C:\Users\eakol\AppData\Roaming\firebase\eakoledoye_gmail_com_application_default_credentials.json {"metadata":{"emulator":{"name":"functions"},"message":"Setting GAC to C:\\Users\\eakol\\AppData\\Roaming\\firebase\\eakoledoye_gmail_com_application_default_credentials.json"}}
[debug] [2024-10-09T11:36:39.116Z] Checked if tokens are valid: true, expires at: 1728475361875
[debug] [2024-10-09T11:36:39.116Z] Checked if tokens are valid: true, expires at: 1728475361875
[debug] [2024-10-09T11:36:39.116Z] >>> [apiv2][query] GET https://firebase.googleapis.com/v1beta1/projects/rd-year-project-1f41d/adminSdkConfig [none]
[debug] [2024-10-09T11:36:39.992Z] <<< [apiv2][status] GET https://firebase.googleapis.com/v1beta1/projects/rd-year-project-1f41d/adminSdkConfig 200
[debug] [2024-10-09T11:36:39.992Z] <<< [apiv2][body] GET https://firebase.googleapis.com/v1beta1/projects/rd-year-project-1f41d/adminSdkConfig {"projectId":"rd-year-project-1f41d","storageBucket":"rd-year-project-1f41d.appspot.com","locationId":"europe-west2"}
[debug] [2024-10-09T11:36:40.012Z] Ignoring unsupported arg: port {"metadata":{"emulator":{"name":"storage"},"message":"Ignoring unsupported arg: port"}}
[debug] [2024-10-09T11:36:40.795Z] Temp file directory for storage emulator: C:\Users\eakol\AppData\Local\Temp/firebase/storage/blobs {"metadata":{"emulator":{"name":"storage"},"message":"Temp file directory for storage emulator: C:\\Users\\eakol\\AppData\\Local\\Temp/firebase/storage/blobs"}}
[debug] [2024-10-09T11:36:40.801Z] Checked if tokens are valid: true, expires at: 1728475361875
[debug] [2024-10-09T11:36:40.801Z] Checked if tokens are valid: true, expires at: 1728475361875
[debug] [2024-10-09T11:36:40.801Z] >>> [apiv2][query] GET https://firebasehosting.googleapis.com/v1beta1/projects/rd-year-project-1f41d/sites 
[debug] [2024-10-09T11:36:42.042Z] <<< [apiv2][status] GET https://firebasehosting.googleapis.com/v1beta1/projects/rd-year-project-1f41d/sites 200
[debug] [2024-10-09T11:36:42.042Z] <<< [apiv2][body] GET https://firebasehosting.googleapis.com/v1beta1/projects/rd-year-project-1f41d/sites {"sites":[{"name":"projects/rd-year-project-1f41d/sites/rd-year-project-1f41d","defaultUrl":"https://rd-year-project-1f41d.web.app","appId":"1:823208675027:web:040ff96eac0fc89b0e3626","type":"DEFAULT_SITE"}]}
[debug] [2024-10-09T11:36:42.042Z] Checked if tokens are valid: true, expires at: 1728475361875
[debug] [2024-10-09T11:36:42.042Z] Checked if tokens are valid: true, expires at: 1728475361875
[debug] [2024-10-09T11:36:42.042Z] >>> [apiv2][query] GET https://firebase.googleapis.com/v1beta1/projects/rd-year-project-1f41d/webApps/1:823208675027:web:040ff96eac0fc89b0e3626/config [none]
[debug] [2024-10-09T11:36:43.065Z] <<< [apiv2][status] GET https://firebase.googleapis.com/v1beta1/projects/rd-year-project-1f41d/webApps/1:823208675027:web:040ff96eac0fc89b0e3626/config 200
[debug] [2024-10-09T11:36:43.065Z] <<< [apiv2][body] GET https://firebase.googleapis.com/v1beta1/projects/rd-year-project-1f41d/webApps/1:823208675027:web:040ff96eac0fc89b0e3626/config {"projectId":"rd-year-project-1f41d","appId":"1:823208675027:web:040ff96eac0fc89b0e3626","storageBucket":"rd-year-project-1f41d.appspot.com","locationId":"europe-west2","apiKey":"AIzaSyAFayRb90ywbg82EcLOnH5iBDm3qnZx9TU","authDomain":"rd-year-project-1f41d.firebaseapp.com","messagingSenderId":"823208675027","measurementId":"G-86DQSH17PT"}
[debug] [2024-10-09T11:36:43.072Z] Checked if tokens are valid: true, expires at: 1728475361875
[debug] [2024-10-09T11:36:43.072Z] Checked if tokens are valid: true, expires at: 1728475361875
[debug] [2024-10-09T11:36:43.072Z] >>> [apiv2][query] GET https://firebase.googleapis.com/v1beta1/projects/rd-year-project-1f41d [none]
[debug] [2024-10-09T11:36:43.679Z] <<< [apiv2][status] GET https://firebase.googleapis.com/v1beta1/projects/rd-year-project-1f41d 200
[debug] [2024-10-09T11:36:43.679Z] <<< [apiv2][body] GET https://firebase.googleapis.com/v1beta1/projects/rd-year-project-1f41d {"projectId":"rd-year-project-1f41d","projectNumber":"823208675027","displayName":"3rd year project","name":"projects/rd-year-project-1f41d","resources":{"hostingSite":"rd-year-project-1f41d","storageBucket":"rd-year-project-1f41d.appspot.com","locationId":"europe-west2"},"state":"ACTIVE","etag":"1_ebe102b0-cdb5-43f1-8723-6be182a85851"}
[info] i  hosting[rd-year-project-1f41d]: Serving hosting files from: public {"metadata":{"emulator":{"name":"hosting"},"message":"Serving hosting files from: \u001b[1mpublic\u001b[22m"}}
[info] +  hosting[rd-year-project-1f41d]: Local server: http://127.0.0.1:5002 {"metadata":{"emulator":{"name":"hosting"},"message":"Local server: \u001b[4m\u001b[1mhttp://127.0.0.1:5002\u001b[22m\u001b[24m"}}
[info] i  ui: downloading ui-v1.14.0.zip... {"metadata":{"emulator":{"name":"ui"},"message":"downloading ui-v1.14.0.zip..."}}
[debug] [2024-10-09T11:36:43.703Z] >>> [apiv2][query] GET https://storage.googleapis.com/firebase-preview-drop/emulator/ui-v1.14.0.zip 
[debug] [2024-10-09T11:36:44.102Z] <<< [apiv2][status] GET https://storage.googleapis.com/firebase-preview-drop/emulator/ui-v1.14.0.zip 200
[debug] [2024-10-09T11:36:44.102Z] <<< [apiv2][body] GET https://storage.googleapis.com/firebase-preview-drop/emulator/ui-v1.14.0.zip [stream]
[debug] [2024-10-09T11:36:45.105Z] Data is 3615311
[debug] [2024-10-09T11:36:45.106Z] [unzip] Entry: client/ (compressed_size=0 bytes, uncompressed_size=0 bytes)
[debug] [2024-10-09T11:36:45.106Z] [unzip] Processing entry: client\
[debug] [2024-10-09T11:36:45.106Z] [unzip] mkdir: C:\Users\eakol\.cache\firebase\emulators\ui-v1.14.0\client\
[debug] [2024-10-09T11:36:45.106Z] [unzip] Entry: client/favicon-16x16.png (compressed_size=293 bytes, uncompressed_size=293 bytes)
[debug] [2024-10-09T11:36:45.106Z] [unzip] Processing entry: client\favicon-16x16.png
[debug] [2024-10-09T11:36:45.106Z] [unzip] else mkdir: C:\Users\eakol\.cache\firebase\emulators\ui-v1.14.0\client
[debug] [2024-10-09T11:36:45.106Z] [unzip] Writing file: C:\Users\eakol\.cache\firebase\emulators\ui-v1.14.0\client\favicon-16x16.png
[debug] [2024-10-09T11:36:45.107Z] [unzip] Entry: client/safari-pinned-tab.svg (compressed_size=1433 bytes, uncompressed_size=2611 bytes)
[debug] [2024-10-09T11:36:45.107Z] [unzip] Processing entry: client\safari-pinned-tab.svg
[debug] [2024-10-09T11:36:45.107Z] [unzip] else mkdir: C:\Users\eakol\.cache\firebase\emulators\ui-v1.14.0\client
[debug] [2024-10-09T11:36:45.107Z] [unzip] deflating: C:\Users\eakol\.cache\firebase\emulators\ui-v1.14.0\client\safari-pinned-tab.svg
[debug] [2024-10-09T11:36:45.110Z] [unzip] Entry: client/favicon.ico (compressed_size=2933 bytes, uncompressed_size=13294 bytes)
[debug] [2024-10-09T11:36:45.110Z] [unzip] Processing entry: client\favicon.ico
[debug] [2024-10-09T11:36:45.110Z] [unzip] else mkdir: C:\Users\eakol\.cache\firebase\emulators\ui-v1.14.0\client
[debug] [2024-10-09T11:36:45.110Z] [unzip] deflating: C:\Users\eakol\.cache\firebase\emulators\ui-v1.14.0\client\favicon.ico
[debug] [2024-10-09T11:36:45.112Z] [unzip] Entry: client/index.html (compressed_size=1363 bytes, uncompressed_size=3071 bytes)
[debug] [2024-10-09T11:36:45.112Z] [unzip] Processing entry: client\index.html
[debug] [2024-10-09T11:36:45.112Z] [unzip] else mkdir: C:\Users\eakol\.cache\firebase\emulators\ui-v1.14.0\client
[debug] [2024-10-09T11:36:45.112Z] [unzip] deflating: C:\Users\eakol\.cache\firebase\emulators\ui-v1.14.0\client\index.html
[debug] [2024-10-09T11:36:45.116Z] [unzip] Entry: client/android-chrome-192x192.png (compressed_size=2684 bytes, uncompressed_size=2684 bytes)
[debug] [2024-10-09T11:36:45.116Z] [unzip] Processing entry: client\android-chrome-192x192.png
[debug] [2024-10-09T11:36:45.116Z] [unzip] else mkdir: C:\Users\eakol\.cache\firebase\emulators\ui-v1.14.0\client
[debug] [2024-10-09T11:36:45.117Z] [unzip] Writing file: C:\Users\eakol\.cache\firebase\emulators\ui-v1.14.0\client\android-chrome-192x192.png
[debug] [2024-10-09T11:36:45.118Z] [unzip] Entry: client/apple-touch-icon.png (compressed_size=2123 bytes, uncompressed_size=2152 bytes)
[debug] [2024-10-09T11:36:45.118Z] [unzip] Processing entry: client\apple-touch-icon.png
[debug] [2024-10-09T11:36:45.118Z] [unzip] else mkdir: C:\Users\eakol\.cache\firebase\emulators\ui-v1.14.0\client
[debug] [2024-10-09T11:36:45.118Z] [unzip] deflating: C:\Users\eakol\.cache\firebase\emulators\ui-v1.14.0\client\apple-touch-icon.png
[debug] [2024-10-09T11:36:45.120Z] [unzip] Entry: client/android-chrome-512x512.png (compressed_size=5369 bytes, uncompressed_size=5411 bytes)
[debug] [2024-10-09T11:36:45.120Z] [unzip] Processing entry: client\android-chrome-512x512.png
[debug] [2024-10-09T11:36:45.120Z] [unzip] else mkdir: C:\Users\eakol\.cache\firebase\emulators\ui-v1.14.0\client
[debug] [2024-10-09T11:36:45.120Z] [unzip] deflating: C:\Users\eakol\.cache\firebase\emulators\ui-v1.14.0\client\android-chrome-512x512.png
[debug] [2024-10-09T11:36:45.121Z] [unzip] Entry: client/manifest.json (compressed_size=245 bytes, uncompressed_size=551 bytes)
[debug] [2024-10-09T11:36:45.121Z] [unzip] Processing entry: client\manifest.json
[debug] [2024-10-09T11:36:45.121Z] [unzip] else mkdir: C:\Users\eakol\.cache\firebase\emulators\ui-v1.14.0\client
[debug] [2024-10-09T11:36:45.122Z] [unzip] deflating: C:\Users\eakol\.cache\firebase\emulators\ui-v1.14.0\client\manifest.json
[debug] [2024-10-09T11:36:45.122Z] [unzip] Entry: client/robots.txt (compressed_size=26 bytes, uncompressed_size=26 bytes)
[debug] [2024-10-09T11:36:45.122Z] [unzip] Processing entry: client\robots.txt
[debug] [2024-10-09T11:36:45.122Z] [unzip] else mkdir: C:\Users\eakol\.cache\firebase\emulators\ui-v1.14.0\client
[debug] [2024-10-09T11:36:45.123Z] [unzip] Writing file: C:\Users\eakol\.cache\firebase\emulators\ui-v1.14.0\client\robots.txt
[debug] [2024-10-09T11:36:45.123Z] [unzip] Entry: client/mstile-150x150.png (compressed_size=2034 bytes, uncompressed_size=2034 bytes)
[debug] [2024-10-09T11:36:45.123Z] [unzip] Processing entry: client\mstile-150x150.png
[debug] [2024-10-09T11:36:45.123Z] [unzip] else mkdir: C:\Users\eakol\.cache\firebase\emulators\ui-v1.14.0\client
[debug] [2024-10-09T11:36:45.123Z] [unzip] Writing file: C:\Users\eakol\.cache\firebase\emulators\ui-v1.14.0\client\mstile-150x150.png
[debug] [2024-10-09T11:36:45.124Z] [unzip] Entry: client/assets/ (compressed_size=0 bytes, uncompressed_size=0 bytes)
[debug] [2024-10-09T11:36:45.124Z] [unzip] Processing entry: client\assets\
[debug] [2024-10-09T11:36:45.124Z] [unzip] mkdir: C:\Users\eakol\.cache\firebase\emulators\ui-v1.14.0\client\assets\
[debug] [2024-10-09T11:36:45.124Z] [unzip] Entry: client/assets/index-ClZTY_JS.js.map (compressed_size=2328270 bytes, uncompressed_size=9947004 bytes)
[debug] [2024-10-09T11:36:45.124Z] [unzip] Processing entry: client\assets\index-ClZTY_JS.js.map
[debug] [2024-10-09T11:36:45.124Z] [unzip] else mkdir: C:\Users\eakol\.cache\firebase\emulators\ui-v1.14.0\client\assets
[debug] [2024-10-09T11:36:45.124Z] [unzip] deflating: C:\Users\eakol\.cache\firebase\emulators\ui-v1.14.0\client\assets\index-ClZTY_JS.js.map
[debug] [2024-10-09T11:36:45.160Z] [unzip] Entry: client/assets/index-ClZTY_JS.js (compressed_size=567195 bytes, uncompressed_size=2035940 bytes)
[debug] [2024-10-09T11:36:45.160Z] [unzip] Processing entry: client\assets\index-ClZTY_JS.js
[debug] [2024-10-09T11:36:45.160Z] [unzip] else mkdir: C:\Users\eakol\.cache\firebase\emulators\ui-v1.14.0\client\assets
[debug] [2024-10-09T11:36:45.160Z] [unzip] deflating: C:\Users\eakol\.cache\firebase\emulators\ui-v1.14.0\client\assets\index-ClZTY_JS.js
[debug] [2024-10-09T11:36:45.168Z] [unzip] Entry: client/assets/index-BdgySamB.css (compressed_size=35979 bytes, uncompressed_size=298654 bytes)
[debug] [2024-10-09T11:36:45.168Z] [unzip] Processing entry: client\assets\index-BdgySamB.css
[debug] [2024-10-09T11:36:45.168Z] [unzip] else mkdir: C:\Users\eakol\.cache\firebase\emulators\ui-v1.14.0\client\assets
[debug] [2024-10-09T11:36:45.168Z] [unzip] deflating: C:\Users\eakol\.cache\firebase\emulators\ui-v1.14.0\client\assets\index-BdgySamB.css
[debug] [2024-10-09T11:36:45.170Z] [unzip] Entry: client/assets/extensions/ (compressed_size=0 bytes, uncompressed_size=0 bytes)
[debug] [2024-10-09T11:36:45.170Z] [unzip] Processing entry: client\assets\extensions\
[debug] [2024-10-09T11:36:45.170Z] [unzip] mkdir: C:\Users\eakol\.cache\firebase\emulators\ui-v1.14.0\client\assets\extensions\
[debug] [2024-10-09T11:36:45.171Z] [unzip] Entry: client/assets/extensions/default-extension.png (compressed_size=1646 bytes, uncompressed_size=1657 bytes)
[debug] [2024-10-09T11:36:45.171Z] [unzip] Processing entry: client\assets\extensions\default-extension.png
[debug] [2024-10-09T11:36:45.171Z] [unzip] else mkdir: C:\Users\eakol\.cache\firebase\emulators\ui-v1.14.0\client\assets\extensions
[debug] [2024-10-09T11:36:45.171Z] [unzip] deflating: C:\Users\eakol\.cache\firebase\emulators\ui-v1.14.0\client\assets\extensions\default-extension.png
[debug] [2024-10-09T11:36:45.171Z] [unzip] Entry: client/assets/img/ (compressed_size=0 bytes, uncompressed_size=0 bytes)
[debug] [2024-10-09T11:36:45.171Z] [unzip] Processing entry: client\assets\img\
[debug] [2024-10-09T11:36:45.171Z] [unzip] mkdir: C:\Users\eakol\.cache\firebase\emulators\ui-v1.14.0\client\assets\img\
[debug] [2024-10-09T11:36:45.171Z] [unzip] Entry: client/assets/img/database.png (compressed_size=29449 bytes, uncompressed_size=29988 bytes)
[debug] [2024-10-09T11:36:45.171Z] [unzip] Processing entry: client\assets\img\database.png
[debug] [2024-10-09T11:36:45.171Z] [unzip] else mkdir: C:\Users\eakol\.cache\firebase\emulators\ui-v1.14.0\client\assets\img
[debug] [2024-10-09T11:36:45.172Z] [unzip] deflating: C:\Users\eakol\.cache\firebase\emulators\ui-v1.14.0\client\assets\img\database.png
[debug] [2024-10-09T11:36:45.172Z] [unzip] Entry: client/assets/provider-icons/ (compressed_size=0 bytes, uncompressed_size=0 bytes)
[debug] [2024-10-09T11:36:45.172Z] [unzip] Processing entry: client\assets\provider-icons\
[debug] [2024-10-09T11:36:45.172Z] [unzip] mkdir: C:\Users\eakol\.cache\firebase\emulators\ui-v1.14.0\client\assets\provider-icons\
[debug] [2024-10-09T11:36:45.172Z] [unzip] Entry: client/assets/provider-icons/auth_service_saml.svg (compressed_size=575 bytes, uncompressed_size=1226 bytes)
[debug] [2024-10-09T11:36:45.172Z] [unzip] Processing entry: client\assets\provider-icons\auth_service_saml.svg
[debug] [2024-10-09T11:36:45.172Z] [unzip] else mkdir: C:\Users\eakol\.cache\firebase\emulators\ui-v1.14.0\client\assets\provider-icons
[debug] [2024-10-09T11:36:45.173Z] [unzip] deflating: C:\Users\eakol\.cache\firebase\emulators\ui-v1.14.0\client\assets\provider-icons\auth_service_saml.svg
[debug] [2024-10-09T11:36:45.173Z] [unzip] Entry: client/assets/provider-icons/auth_service_phone.svg (compressed_size=261 bytes, uncompressed_size=414 bytes)
[debug] [2024-10-09T11:36:45.173Z] [unzip] Processing entry: client\assets\provider-icons\auth_service_phone.svg
[debug] [2024-10-09T11:36:45.173Z] [unzip] else mkdir: C:\Users\eakol\.cache\firebase\emulators\ui-v1.14.0\client\assets\provider-icons
[debug] [2024-10-09T11:36:45.173Z] [unzip] deflating: C:\Users\eakol\.cache\firebase\emulators\ui-v1.14.0\client\assets\provider-icons\auth_service_phone.svg
[debug] [2024-10-09T11:36:45.174Z] [unzip] Entry: client/assets/provider-icons/auth_service_facebook.svg (compressed_size=289 bytes, uncompressed_size=457 bytes)
[debug] [2024-10-09T11:36:45.174Z] [unzip] Processing entry: client\assets\provider-icons\auth_service_facebook.svg
[debug] [2024-10-09T11:36:45.174Z] [unzip] else mkdir: C:\Users\eakol\.cache\firebase\emulators\ui-v1.14.0\client\assets\provider-icons
[debug] [2024-10-09T11:36:45.174Z] [unzip] deflating: C:\Users\eakol\.cache\firebase\emulators\ui-v1.14.0\client\assets\provider-icons\auth_service_facebook.svg
[debug] [2024-10-09T11:36:45.175Z] [unzip] Entry: client/assets/provider-icons/auth_service_game_center.svg (compressed_size=991 bytes, uncompressed_size=3921 bytes)
[debug] [2024-10-09T11:36:45.175Z] [unzip] Processing entry: client\assets\provider-icons\auth_service_game_center.svg
[debug] [2024-10-09T11:36:45.175Z] [unzip] else mkdir: C:\Users\eakol\.cache\firebase\emulators\ui-v1.14.0\client\assets\provider-icons
[debug] [2024-10-09T11:36:45.175Z] [unzip] deflating: C:\Users\eakol\.cache\firebase\emulators\ui-v1.14.0\client\assets\provider-icons\auth_service_game_center.svg
[debug] [2024-10-09T11:36:45.175Z] [unzip] Entry: client/assets/provider-icons/auth_service_apple.svg (compressed_size=230 bytes, uncompressed_size=334 bytes)
[debug] [2024-10-09T11:36:45.175Z] [unzip] Processing entry: client\assets\provider-icons\auth_service_apple.svg
[debug] [2024-10-09T11:36:45.175Z] [unzip] else mkdir: C:\Users\eakol\.cache\firebase\emulators\ui-v1.14.0\client\assets\provider-icons
[debug] [2024-10-09T11:36:45.176Z] [unzip] deflating: C:\Users\eakol\.cache\firebase\emulators\ui-v1.14.0\client\assets\provider-icons\auth_service_apple.svg
[debug] [2024-10-09T11:36:45.176Z] [unzip] Entry: client/assets/provider-icons/auth_service_github.svg (compressed_size=466 bytes, uncompressed_size=838 bytes)
[debug] [2024-10-09T11:36:45.176Z] [unzip] Processing entry: client\assets\provider-icons\auth_service_github.svg
[debug] [2024-10-09T11:36:45.176Z] [unzip] else mkdir: C:\Users\eakol\.cache\firebase\emulators\ui-v1.14.0\client\assets\provider-icons
[debug] [2024-10-09T11:36:45.176Z] [unzip] deflating: C:\Users\eakol\.cache\firebase\emulators\ui-v1.14.0\client\assets\provider-icons\auth_service_github.svg
[debug] [2024-10-09T11:36:45.177Z] [unzip] Entry: client/assets/provider-icons/auth_service_mslive.svg (compressed_size=203 bytes, uncompressed_size=378 bytes)
[debug] [2024-10-09T11:36:45.177Z] [unzip] Processing entry: client\assets\provider-icons\auth_service_mslive.svg
[debug] [2024-10-09T11:36:45.177Z] [unzip] else mkdir: C:\Users\eakol\.cache\firebase\emulators\ui-v1.14.0\client\assets\provider-icons
[debug] [2024-10-09T11:36:45.177Z] [unzip] deflating: C:\Users\eakol\.cache\firebase\emulators\ui-v1.14.0\client\assets\provider-icons\auth_service_mslive.svg
[debug] [2024-10-09T11:36:45.178Z] [unzip] Entry: client/assets/provider-icons/auth_service_yahoo.svg (compressed_size=577 bytes, uncompressed_size=1182 bytes)
[debug] [2024-10-09T11:36:45.178Z] [unzip] Processing entry: client\assets\provider-icons\auth_service_yahoo.svg
[debug] [2024-10-09T11:36:45.178Z] [unzip] else mkdir: C:\Users\eakol\.cache\firebase\emulators\ui-v1.14.0\client\assets\provider-icons
[debug] [2024-10-09T11:36:45.178Z] [unzip] deflating: C:\Users\eakol\.cache\firebase\emulators\ui-v1.14.0\client\assets\provider-icons\auth_service_yahoo.svg
[debug] [2024-10-09T11:36:45.178Z] [unzip] Entry: client/assets/provider-icons/auth_service_twitter.svg (compressed_size=444 bytes, uncompressed_size=751 bytes)
[debug] [2024-10-09T11:36:45.178Z] [unzip] Processing entry: client\assets\provider-icons\auth_service_twitter.svg
[debug] [2024-10-09T11:36:45.178Z] [unzip] else mkdir: C:\Users\eakol\.cache\firebase\emulators\ui-v1.14.0\client\assets\provider-icons
[debug] [2024-10-09T11:36:45.179Z] [unzip] deflating: C:\Users\eakol\.cache\firebase\emulators\ui-v1.14.0\client\assets\provider-icons\auth_service_twitter.svg
[debug] [2024-10-09T11:36:45.179Z] [unzip] Entry: client/assets/provider-icons/auth_service_play_games.svg (compressed_size=565 bytes, uncompressed_size=1173 bytes)
[debug] [2024-10-09T11:36:45.179Z] [unzip] Processing entry: client\assets\provider-icons\auth_service_play_games.svg
[debug] [2024-10-09T11:36:45.179Z] [unzip] else mkdir: C:\Users\eakol\.cache\firebase\emulators\ui-v1.14.0\client\assets\provider-icons
[debug] [2024-10-09T11:36:45.179Z] [unzip] deflating: C:\Users\eakol\.cache\firebase\emulators\ui-v1.14.0\client\assets\provider-icons\auth_service_play_games.svg
[debug] [2024-10-09T11:36:45.180Z] [unzip] Entry: client/assets/provider-icons/auth_service_email.svg (compressed_size=228 bytes, uncompressed_size=326 bytes)
[debug] [2024-10-09T11:36:45.180Z] [unzip] Processing entry: client\assets\provider-icons\auth_service_email.svg
[debug] [2024-10-09T11:36:45.180Z] [unzip] else mkdir: C:\Users\eakol\.cache\firebase\emulators\ui-v1.14.0\client\assets\provider-icons
[debug] [2024-10-09T11:36:45.180Z] [unzip] deflating: C:\Users\eakol\.cache\firebase\emulators\ui-v1.14.0\client\assets\provider-icons\auth_service_email.svg
[debug] [2024-10-09T11:36:45.180Z] [unzip] Entry: client/assets/provider-icons/auth_service_google.svg (compressed_size=409 bytes, uncompressed_size=720 bytes)
[debug] [2024-10-09T11:36:45.180Z] [unzip] Processing entry: client\assets\provider-icons\auth_service_google.svg
[debug] [2024-10-09T11:36:45.180Z] [unzip] else mkdir: C:\Users\eakol\.cache\firebase\emulators\ui-v1.14.0\client\assets\provider-icons
[debug] [2024-10-09T11:36:45.180Z] [unzip] deflating: C:\Users\eakol\.cache\firebase\emulators\ui-v1.14.0\client\assets\provider-icons\auth_service_google.svg
[debug] [2024-10-09T11:36:45.181Z] [unzip] Entry: client/assets/provider-icons/auth_service_oidc.svg (compressed_size=414 bytes, uncompressed_size=858 bytes)
[debug] [2024-10-09T11:36:45.181Z] [unzip] Processing entry: client\assets\provider-icons\auth_service_oidc.svg
[debug] [2024-10-09T11:36:45.181Z] [unzip] else mkdir: C:\Users\eakol\.cache\firebase\emulators\ui-v1.14.0\client\assets\provider-icons
[debug] [2024-10-09T11:36:45.181Z] [unzip] deflating: C:\Users\eakol\.cache\firebase\emulators\ui-v1.14.0\client\assets\provider-icons\auth_service_oidc.svg
[debug] [2024-10-09T11:36:45.182Z] [unzip] Entry: client/browserconfig.xml (compressed_size=491 bytes, uncompressed_size=822 bytes)
[debug] [2024-10-09T11:36:45.182Z] [unzip] Processing entry: client\browserconfig.xml
[debug] [2024-10-09T11:36:45.182Z] [unzip] else mkdir: C:\Users\eakol\.cache\firebase\emulators\ui-v1.14.0\client
[debug] [2024-10-09T11:36:45.182Z] [unzip] deflating: C:\Users\eakol\.cache\firebase\emulators\ui-v1.14.0\client\browserconfig.xml
[debug] [2024-10-09T11:36:45.182Z] [unzip] Entry: client/favicon-32x32.png (compressed_size=475 bytes, uncompressed_size=475 bytes)
[debug] [2024-10-09T11:36:45.182Z] [unzip] Processing entry: client\favicon-32x32.png
[debug] [2024-10-09T11:36:45.182Z] [unzip] else mkdir: C:\Users\eakol\.cache\firebase\emulators\ui-v1.14.0\client
[debug] [2024-10-09T11:36:45.183Z] [unzip] Writing file: C:\Users\eakol\.cache\firebase\emulators\ui-v1.14.0\client\favicon-32x32.png
[debug] [2024-10-09T11:36:45.183Z] [unzip] Entry: server/ (compressed_size=0 bytes, uncompressed_size=0 bytes)
[debug] [2024-10-09T11:36:45.183Z] [unzip] Processing entry: server\
[debug] [2024-10-09T11:36:45.183Z] [unzip] mkdir: C:\Users\eakol\.cache\firebase\emulators\ui-v1.14.0\server\
[debug] [2024-10-09T11:36:45.183Z] [unzip] Entry: server/server.mjs.map (compressed_size=296496 bytes, uncompressed_size=1355667 bytes)
[debug] [2024-10-09T11:36:45.183Z] [unzip] Processing entry: server\server.mjs.map
[debug] [2024-10-09T11:36:45.183Z] [unzip] else mkdir: C:\Users\eakol\.cache\firebase\emulators\ui-v1.14.0\server
[debug] [2024-10-09T11:36:45.183Z] [unzip] deflating: C:\Users\eakol\.cache\firebase\emulators\ui-v1.14.0\server\server.mjs.map
[debug] [2024-10-09T11:36:45.188Z] [unzip] Entry: server/server.mjs (compressed_size=315701 bytes, uncompressed_size=1172682 bytes)
[debug] [2024-10-09T11:36:45.188Z] [unzip] Processing entry: server\server.mjs
[debug] [2024-10-09T11:36:45.188Z] [unzip] else mkdir: C:\Users\eakol\.cache\firebase\emulators\ui-v1.14.0\server
[debug] [2024-10-09T11:36:45.189Z] [unzip] deflating: C:\Users\eakol\.cache\firebase\emulators\ui-v1.14.0\server\server.mjs
[debug] [2024-10-09T11:36:45.195Z] [unzip] Entry: server/assets/ (compressed_size=0 bytes, uncompressed_size=0 bytes)
[debug] [2024-10-09T11:36:45.195Z] [unzip] Processing entry: server\assets\
[debug] [2024-10-09T11:36:45.195Z] [unzip] mkdir: C:\Users\eakol\.cache\firebase\emulators\ui-v1.14.0\server\assets\
[debug] [2024-10-09T11:36:45.195Z] [unzip] Entry: server/assets/multipart-parser-DGCUZdXu.mjs.map (compressed_size=4791 bytes, uncompressed_size=17918 bytes)
[debug] [2024-10-09T11:36:45.195Z] [unzip] Processing entry: server\assets\multipart-parser-DGCUZdXu.mjs.map
[debug] [2024-10-09T11:36:45.195Z] [unzip] else mkdir: C:\Users\eakol\.cache\firebase\emulators\ui-v1.14.0\server\assets
[debug] [2024-10-09T11:36:45.195Z] [unzip] deflating: C:\Users\eakol\.cache\firebase\emulators\ui-v1.14.0\server\assets\multipart-parser-DGCUZdXu.mjs.map
[debug] [2024-10-09T11:36:45.196Z] [unzip] Entry: server/assets/multipart-parser-DGCUZdXu.mjs (compressed_size=2621 bytes, uncompressed_size=10390 bytes)
[debug] [2024-10-09T11:36:45.196Z] [unzip] Processing entry: server\assets\multipart-parser-DGCUZdXu.mjs
[debug] [2024-10-09T11:36:45.196Z] [unzip] else mkdir: C:\Users\eakol\.cache\firebase\emulators\ui-v1.14.0\server\assets
[debug] [2024-10-09T11:36:45.196Z] [unzip] deflating: C:\Users\eakol\.cache\firebase\emulators\ui-v1.14.0\server\assets\multipart-parser-DGCUZdXu.mjs
[info] i  ui: Removing outdated emulator files: ui-v1.12.1 {"metadata":{"emulator":{"name":"ui"},"message":"Removing outdated emulator files: ui-v1.12.1"}}
[info] i  ui: Removing outdated emulator files: ui-v1.12.1.zip {"metadata":{"emulator":{"name":"ui"},"message":"Removing outdated emulator files: ui-v1.12.1.zip"}}
[debug] [2024-10-09T11:36:45.208Z] Ignoring unsupported arg: auto_download {"metadata":{"emulator":{"name":"ui"},"message":"Ignoring unsupported arg: auto_download"}}
[debug] [2024-10-09T11:36:45.208Z] Ignoring unsupported arg: port {"metadata":{"emulator":{"name":"ui"},"message":"Ignoring unsupported arg: port"}}
[debug] [2024-10-09T11:36:45.208Z] Starting Emulator UI with command {"binary":"node","args":["C:\\Users\\eakol\\.cache\\firebase\\emulators\\ui-v1.14.0\\server\\server.mjs"],"optionalArgs":[],"joinArgs":false,"shell":false,"port":4000} {"metadata":{"emulator":{"name":"ui"},"message":"Starting Emulator UI with command {\"binary\":\"node\",\"args\":[\"C:\\\\Users\\\\eakol\\\\.cache\\\\firebase\\\\emulators\\\\ui-v1.14.0\\\\server\\\\server.mjs\"],\"optionalArgs\":[],\"joinArgs\":false,\"shell\":false,\"port\":4000}"}}
[info] i  ui: Emulator UI logging to ui-debug.log {"metadata":{"emulator":{"name":"ui"},"message":"Emulator UI logging to \u001b[1mui-debug.log\u001b[22m"}}
[debug] [2024-10-09T11:36:45.331Z] Web / API server started at 127.0.0.1:4000
 {"metadata":{"emulator":{"name":"ui"},"message":"Web / API server started at 127.0.0.1:4000\n"}}
[debug] [2024-10-09T11:36:45.332Z] Web / API server started at ::1:4000
 {"metadata":{"emulator":{"name":"ui"},"message":"Web / API server started at ::1:4000\n"}}
[debug] [2024-10-09T11:36:45.433Z] [Extensions] Connecting Extensions emulator, this is a noop.
[info] i  functions: Watching "C:\Users\eakol\OneDrive\Desktop\Emmanuel K\college stuff\year 3\3rd-yr-group-project\functions" for Cloud Functions... {"metadata":{"emulator":{"name":"functions"},"message":"Watching \"C:\\Users\\eakol\\OneDrive\\Desktop\\Emmanuel K\\college stuff\\year 3\\3rd-yr-group-project\\functions\" for Cloud Functions..."}}
[debug] [2024-10-09T11:36:45.441Z] Validating nodejs source
[debug] [2024-10-09T11:36:46.120Z] > [functions] package.json contents: {
  "name": "functions",
  "description": "Cloud Functions for Firebase",
  "scripts": {
    "shell": "firebase functions:shell",
    "start": "firebase emulators:start",
    "deploy": "firebase deploy --only functions",
    "logs": "firebase functions:log"
  },
  "engines": {
    "node": "20"
  },
  "main": "index.js",
  "dependencies": {
    "bcrypt": "^5.1.1",
    "firebase-admin": "^12.6.0",
    "firebase-functions": "^6.0.1",
    "firebase-tools": "^1.2.0"
  },
  "devDependencies": {
    "firebase-functions-test": "^3.1.0"
  },
  "private": true
}
[debug] [2024-10-09T11:36:46.121Z] Building nodejs source
[debug] [2024-10-09T11:36:46.121Z] Failed to find version of module node: reached end of search path C:\Users\eakol\OneDrive\Desktop\Emmanuel K\college stuff\year 3\3rd-yr-group-project\functions\node_modules
[warn] !  functions: Your requested "node" version "20" doesn't match your global version "18". Using node@18 from host. 
[debug] [2024-10-09T11:36:46.123Z] Could not find functions.yaml. Must use http discovery
[debug] [2024-10-09T11:36:46.129Z] Found firebase-functions binary at 'C:\Users\eakol\OneDrive\Desktop\Emmanuel K\college stuff\year 3\3rd-yr-group-project\functions\node_modules\.bin\firebase-functions'
[info] Serving at port 8360

[debug] [2024-10-09T11:36:46.631Z] Got response from /__/functions.yaml {"endpoints":{"showDB":{"availableMemoryMb":null,"timeoutSeconds":null,"minInstances":null,"maxInstances":null,"ingressSettings":null,"concurrency":null,"serviceAccountEmail":null,"vpc":null,"platform":"gcfv2","region":["europe-west2"],"labels":{},"httpsTrigger":{},"entryPoint":"showDB"},"verifyUser":{"availableMemoryMb":null,"timeoutSeconds":null,"minInstances":null,"maxInstances":null,"ingressSettings":null,"concurrency":null,"serviceAccountEmail":null,"vpc":null,"platform":"gcfv2","region":["europe-west2"],"labels":{},"httpsTrigger":{},"entryPoint":"verifyUser"},"hashCreds":{"availableMemoryMb":null,"timeoutSeconds":null,"minInstances":null,"maxInstances":null,"ingressSettings":null,"concurrency":null,"serviceAccountEmail":null,"vpc":null,"platform":"gcfv2","region":["europe-west2"],"labels":{},"httpsTrigger":{},"entryPoint":"hashCreds"}},"specVersion":"v1alpha1","requiredAPIs":[],"extensions":{}}
[debug] [2024-10-09T11:36:46.659Z] defaultcredentials: writing to file C:\Users\eakol\AppData\Roaming\firebase\eakoledoye_gmail_com_application_default_credentials.json
[debug] [2024-10-09T11:36:46.660Z] Setting GAC to C:\Users\eakol\AppData\Roaming\firebase\eakoledoye_gmail_com_application_default_credentials.json {"metadata":{"emulator":{"name":"functions"},"message":"Setting GAC to C:\\Users\\eakol\\AppData\\Roaming\\firebase\\eakoledoye_gmail_com_application_default_credentials.json"}}
[info] +  functions: Loaded functions definitions from source: showDB, verifyUser, hashCreds. {"metadata":{"emulator":{"name":"functions"},"message":"Loaded functions definitions from source: showDB, verifyUser, hashCreds."}}
[info] +  functions[europe-west2-showDB]: http function initialized (http://127.0.0.1:5001/rd-year-project-1f41d/europe-west2/showDB). {"metadata":{"emulator":{"name":"functions"},"message":"\u001b[1mhttp\u001b[22m function initialized (http://127.0.0.1:5001/rd-year-project-1f41d/europe-west2/showDB)."}}
[info] +  functions[europe-west2-verifyUser]: http function initialized (http://127.0.0.1:5001/rd-year-project-1f41d/europe-west2/verifyUser). {"metadata":{"emulator":{"name":"functions"},"message":"\u001b[1mhttp\u001b[22m function initialized (http://127.0.0.1:5001/rd-year-project-1f41d/europe-west2/verifyUser)."}}
[info] +  functions[europe-west2-hashCreds]: http function initialized (http://127.0.0.1:5001/rd-year-project-1f41d/europe-west2/hashCreds). {"metadata":{"emulator":{"name":"functions"},"message":"\u001b[1mhttp\u001b[22m function initialized (http://127.0.0.1:5001/rd-year-project-1f41d/europe-west2/hashCreds)."}}
[debug] [2024-10-09T11:36:46.669Z] Could not find VSCode notification endpoint: FetchError: request to http://localhost:40001/vscode/notify failed, reason: connect ECONNREFUSED ::1:40001. If you are not running the Firebase Data Connect VSCode extension, this is expected and not an issue.
[info] 
┌─────────────────────────────────────────────────────────────┐
│ ✔  All emulators ready! It is now safe to connect your app. │
│ i  View Emulator UI at http://127.0.0.1:4000/               │
└─────────────────────────────────────────────────────────────┘

┌─────────────┬────────────────┬──────────────────────────────────┐
│ Emulator    │ Host:Port      │ View in Emulator UI              │
├─────────────┼────────────────┼──────────────────────────────────┤
│ Functions   │ 127.0.0.1:5001 │ http://127.0.0.1:4000/functions  │
├─────────────┼────────────────┼──────────────────────────────────┤
│ Hosting     │ 127.0.0.1:5002 │ n/a                              │
├─────────────┼────────────────┼──────────────────────────────────┤
│ Storage     │ 127.0.0.1:9199 │ http://127.0.0.1:4000/storage    │
├─────────────┼────────────────┼──────────────────────────────────┤
│ Cloud Tasks │ 127.0.0.1:9499 │ n/a                              │
├─────────────┼────────────────┼──────────────────────────────────┤
│ Extensions  │ 127.0.0.1:5001 │ http://127.0.0.1:4000/extensions │
└─────────────┴────────────────┴──────────────────────────────────┘
  Emulator Hub running at 127.0.0.1:4400
  Other reserved ports: 4500
┌─────────────────────────┬───────────────┬─────────────────────┐
│ Extension Instance Name │ Extension Ref │ View in Emulator UI │
└─────────────────────────┴───────────────┴─────────────────────┘
Issues? Report them at https://github.com/firebase/firebase-tools/issues and attach the *-debug.log files.
 
